Script started on 2020-07-11 02:30:30+00:00 [TERM="screen" TTY="/dev/pts/1" COLUMNS="152" LINES="114"]
marcospiau123@ptt5-vm3:~/PTT5/pretraining/bash$ ls -lht
total 88K
-rwxr-xr-x 1 marcospiau123 marcospiau123 280 Jul 11 02:29 [0m[01;32mtrain_base_embeddings_only_custom_vocab_run_1.sh[0m
-rwxr-xr-x 1 marcospiau123 marcospiau123 203 Jul 11 02:27 [01;32mtrain_base_embeddings_only_stardard_vocab_run_1.sh[0m
-rwxr-xr-x 1 marcospiau123 marcospiau123 283 Jul 11 02:19 [01;32mtrain_small_embeddings_only_custom_vocab_run_1.sh[0m
-rwxr-xr-x 1 marcospiau123 marcospiau123 271 Jul  9 12:08 [01;32mtrain_small_embeddings_only_stardard_vocab_run_2.sh[0m
-rwxr-xr-x 1 marcospiau123 marcospiau123 206 Jul  9 03:16 [01;32mtrain_small_embeddings_only_stardard_vocab_run_1.sh[0m
-rwxr-xr-x 1 marcospiau123 marcospiau123 311 Jul  7 18:09 [01;32mtrain_large_custom_vocab_run_2.sh[0m
-rwxr-xr-x 1 marcospiau123 marcospiau123 212 Jul  4 04:45 [01;32mtrain_large_run_5.sh[0m
-rw-r--r-- 1 marcospiau123 marcospiau123 452 Jul  4 03:48 config_env.sh
-rw-r--r-- 1 marcospiau123 marcospiau123 113 Jul  4 03:48 create_tpu.sh
-rwxr-xr-x 1 marcospiau123 marcospiau123 157 Jul  4 03:48 [01;32mtest_small_continue_training.sh[0m
-rwxr-xr-x 1 marcospiau123 marcospiau123 249 Jul  4 03:48 [01;32mtrain_base_custom_vocab_run_1.sh[0m
-rwxr-xr-x 1 marcospiau123 marcospiau123  78 Jul  4 03:48 [01;32mtrain_base_run_1.sh[0m
-rwxr-xr-x 1 marcospiau123 marcospiau123 205 Jul  4 03:48 [01;32mtrain_base_run_2.sh[0m
-rwxr-xr-x 1 marcospiau123 marcospiau123 252 Jul  4 03:48 [01;32mtrain_large_custom_vocab_run_1.sh[0m
-rwxr-xr-x 1 marcospiau123 marcospiau123  80 Jul  4 03:48 [01;32mtrain_large_run_1.sh[0m
-rwxr-xr-x 1 marcospiau123 marcospiau123 209 Jul  4 03:48 [01;32mtrain_large_run_2.sh[0m
-rwxr-xr-x 1 marcospiau123 marcospiau123 212 Jul  4 03:48 [01;32mtrain_large_run_3.sh[0m
-rwxr-xr-x 1 marcospiau123 marcospiau123 215 Jul  4 03:48 [01;32mtrain_large_run_4.sh[0m
-rwxr-xr-x 1 marcospiau123 marcospiau123 252 Jul  4 03:48 [01;32mtrain_small_custom_vocab_run_1.sh[0m
-rwxr-xr-x 1 marcospiau123 marcospiau123  80 Jul  4 03:48 [01;32mtrain_small_run_1.sh[0m
-rwxr-xr-x 1 marcospiau123 marcospiau123 209 Jul  4 03:48 [01;32mtrain_small_run_2.sh[0m
-rwxr-xr-x 1 marcospiau123 marcospiau123 143 Jul  4 03:48 [01;32mtrain_small_stress_hardware.sh[0m
marcospiau123@ptt5-vm3:~/PTT5/pretraining/bash$ cat train_base_embeddings_only_custom_vocab_run_1.sh
python3 ../python/train_v2.py \
-b 1 \
-n base_embeddings_only_custom_sentencepiece_vocab \
-ms base \
-e 4 \
-s 512 \
-jc '../../assin/T5_configs_json/ptt5-standard-vocab-base-config.json' \
--train_embedding_only \
-spm 'gs://ptt5-1/vocabs/spm_32000_unigram/spm_32000_pt.model'
marcospiau123@ptt5-vm3:~/PTT5/pretraining/bash$ ./train_base_embeddings_only_custom_vocab_run_1.sh
Arguments read from input: {'batch_div': 1, 'name': 'base_embeddings_only_custom_sentencepiece_vocab', 'txt_file': 'brwac_512.txt', 'model_size': 'base', 'nepoch': 4.0, 'seq_len': 512, 'pre_trained_dir': 'gs://t5-data/pretrained_models', 'json_config_path': '../../assin/T5_configs_json/ptt5-standard-vocab-base-config.json', 'spiece_model_path': 'gs://ptt5-1/vocabs/spm_32000_unigram/spm_32000_pt.model', 'train_embedding_only': True}
Saving args to ../argparse_dumps/base_embeddings_only_custom_sentencepiece_vocab.json ...
INFO:googleapiclient.discovery:URL being requested: GET https://www.googleapis.com/discovery/v1/apis/tpu/v1/rest
INFO:googleapiclient.discovery:URL being requested: GET https://tpu.googleapis.com/v1/projects/ia376-1s2020-ptt5-2-282301/locations/europe-west4-a/nodes/ptt5-vm3?alt=json
INFO:oauth2client.transport:Attempting refresh to obtain initial access_token
WARNING:tensorflow:From /home/marcospiau123/.local/lib/python3.7/site-packages/tensorflow/python/compat/v2_compat.py:96: disable_resource_variables (from tensorflow.python.ops.variable_scope) is deprecated and will be removed in a future version.
Instructions for updating:
non-resource variables are not supported in the long term
WARNING:tensorflow:From /home/marcospiau123/.local/lib/python3.7/site-packages/tensorflow/python/compat/v2_compat.py:96: disable_resource_variables (from tensorflow.python.ops.variable_scope) is deprecated and will be removed in a future version.
Instructions for updating:
non-resource variables are not supported in the long term
Added task.
2020-07-11 02:31:05.557112: W tensorflow/stream_executor/platform/default/dso_loader.cc:55] Could not load dynamic library 'libcuda.so.1'; dlerror: libcuda.so.1: cannot open shared object file: No such file or directory
2020-07-11 02:31:05.557168: E tensorflow/stream_executor/cuda/cuda_driver.cc:313] failed call to cuInit: UNKNOWN ERROR (303)
2020-07-11 02:31:05.557196: I tensorflow/stream_executor/cuda/cuda_diagnostics.cc:156] kernel driver does not appear to be running on this host (ptt5-vm3): /proc/driver/nvidia/version does not exist
A few preprocessed validation examples...
2020-07-11 02:31:05.732848: I tensorflow/core/platform/cpu_feature_guard.cc:143] Your CPU supports instructions that this TensorFlow binary was not compiled to use: AVX2 AVX512F FMA
2020-07-11 02:31:05.740873: I tensorflow/core/platform/profile_utils/cpu_utils.cc:102] CPU Frequency: 2000160000 Hz
2020-07-11 02:31:05.741922: I tensorflow/compiler/xla/service/service.cc:168] XLA service 0x7fec48000b20 initialized for platform Host (this does not guarantee that XLA will be used). Devices:
2020-07-11 02:31:05.741965: I tensorflow/compiler/xla/service/service.cc:176]   StreamExecutor device (0): Host, Default Version
0.83908045
INFO:tensorflow:Using config: {'_model_dir': 'gs://ptt5-1/base_embeddings_only_custom_sentencepiece_vocab/models/base', '_tf_random_seed': None, '_save_summary_steps': 100, '_save_checkpoints_steps': None, '_save_checkpoints_secs': None, '_session_config': allow_soft_placement: true
cluster_def {
  job {
    name: "worker"
    tasks {
      key: 0
      value: "10.240.1.2:8470"
    }
  }
}
isolate_session_state: true
, '_keep_checkpoint_max': 5, '_keep_checkpoint_every_n_hours': 10000, '_log_step_count_steps': None, '_train_distribute': None, '_device_fn': None, '_protocol': None, '_eval_distribute': None, '_experimental_distribute': None, '_experimental_max_worker_delay_secs': None, '_session_creation_timeout_secs': 7200, '_service': None, '_cluster_spec': ClusterSpec({'worker': ['10.240.1.2:8470']}), '_task_type': 'worker', '_task_id': 0, '_global_id_in_cluster': 0, '_master': 'grpc://10.240.1.2:8470', '_evaluation_master': 'grpc://10.240.1.2:8470', '_is_chief': True, '_num_ps_replicas': 0, '_num_worker_replicas': 1, '_tpu_config': TPUConfig(iterations_per_loop=100, num_shards=None, num_cores_per_replica=1, per_host_input_for_training=4, tpu_job_name=None, initial_infeed_sleep_secs=None, input_partition_dims=None, eval_training_input_configuration=2, experimental_host_call_every_n_steps=1), '_cluster': <tensorflow.python.distribute.cluster_resolver.tpu_cluster_resolver.TPUClusterResolver object at 0x7fec5b344da0>}
INFO:tensorflow:_TPUContext: eval_on_tpu True
INFO:tensorflow:Querying Tensorflow master (grpc://10.240.1.2:8470) for TPU system metadata.
2020-07-11 02:31:10.865955: W tensorflow/core/distributed_runtime/rpc/grpc_session.cc:373] GrpcSession::ListDevices will initialize the session with an empty graph and other defaults because the session has not yet been created.
INFO:tensorflow:Initializing TPU system (master: grpc://10.240.1.2:8470) to fetch topology for model parallelism. This might take a while.
INFO:tensorflow:Found TPU system:
INFO:tensorflow:*** Num TPU Cores: 8
INFO:tensorflow:*** Num TPU Workers: 1
INFO:tensorflow:*** Num TPU Cores Per Worker: 8
INFO:tensorflow:*** Available Device: _DeviceAttributes(/job:worker/replica:0/task:0/device:CPU:0, CPU, -1, 1399553942866885013)
INFO:tensorflow:*** Available Device: _DeviceAttributes(/job:worker/replica:0/task:0/device:TPU:0, TPU, 17179869184, 8586432333259787130)
INFO:tensorflow:*** Available Device: _DeviceAttributes(/job:worker/replica:0/task:0/device:TPU:1, TPU, 17179869184, -2628090755011672135)
INFO:tensorflow:*** Available Device: _DeviceAttributes(/job:worker/replica:0/task:0/device:TPU:2, TPU, 17179869184, 1997967749490782388)
INFO:tensorflow:*** Available Device: _DeviceAttributes(/job:worker/replica:0/task:0/device:TPU:3, TPU, 17179869184, -3681019511202793570)
INFO:tensorflow:*** Available Device: _DeviceAttributes(/job:worker/replica:0/task:0/device:TPU:4, TPU, 17179869184, 5416489419407548299)
INFO:tensorflow:*** Available Device: _DeviceAttributes(/job:worker/replica:0/task:0/device:TPU:5, TPU, 17179869184, -4763434051627163428)
INFO:tensorflow:*** Available Device: _DeviceAttributes(/job:worker/replica:0/task:0/device:TPU:6, TPU, 17179869184, 8677116086536528623)
INFO:tensorflow:*** Available Device: _DeviceAttributes(/job:worker/replica:0/task:0/device:TPU:7, TPU, 17179869184, -5016990983347738081)
INFO:tensorflow:*** Available Device: _DeviceAttributes(/job:worker/replica:0/task:0/device:TPU_SYSTEM:0, TPU_SYSTEM, 17179869184, 2809800104666330100)
INFO:tensorflow:*** Available Device: _DeviceAttributes(/job:worker/replica:0/task:0/device:XLA_CPU:0, XLA_CPU, 17179869184, 3514265903138085905)
WARNING:tensorflow:From /home/marcospiau123/.local/lib/python3.7/site-packages/tensorflow/python/ops/resource_variable_ops.py:1666: calling BaseResourceVariable.__init__ (from tensorflow.python.ops.resource_variable_ops) with constraint is deprecated and will be removed in a future version.
Instructions for updating:
If using Keras pass *_constraint arguments to layers.
WARNING:tensorflow:From /home/marcospiau123/.local/lib/python3.7/site-packages/tensorflow/python/training/training_util.py:236: Variable.initialized_value (from tensorflow.python.ops.variables) is deprecated and will be removed in a future version.
Instructions for updating:
Use Variable.read_value. Variables in 2.X are initialized automatically both in eager and graph (inside tf.defun) contexts.
INFO:tensorflow:Calling model_fn.
INFO:tensorflow:enable_2d_tiling: False
INFO:tensorflow:num_cores_per_replica: 1
INFO:tensorflow:computation_shape: [1, 1, 1]
INFO:tensorflow:num_replicas: 8
INFO:tensorflow:device_assignment.topology.device_coordinates: [[[0 0 0]
  [0 0 1]
  [0 1 0]
  [0 1 1]
  [1 0 0]
  [1 0 1]
  [1 1 0]
  [1 1 1]]]
INFO:tensorflow:device_assignment.core_assignment: [[[0 0 0]]

 [[0 0 1]]

 [[0 1 0]]

 [[0 1 1]]

 [[1 0 0]]

 [[1 0 1]]

 [[1 1 0]]

 [[1 1 1]]]
WARNING:tensorflow:SimdMeshImpl ignoring devices ['', '', '', '', '', '', '', '']
INFO:tensorflow:SimdMeshImpl init: Shape[batch=4, model=2] LayoutRules{('experts', 'batch'), ('batch', 'batch'), ('ensemble', 'ensemble'), ('vocab', 'model'), ('heads', 'model'), ('d_ff', 'model')}
INFO:tensorflow:Device Assignment: <tensorflow.python.tpu.device_assignment.DeviceAssignment object at 0x7fec5b5564e0>
INFO:tensorflow:serialize_num_microbatches: tokens_per_microbatch_per_replica=8192 batch_dim=Dimension(name='batch', size=128) sequence_length={'inputs': 512, 'targets': 512} batch_per_replica=32 num_microbatches=2
WARNING:tensorflow:Using default tf glorot_uniform_initializer for variable encoder/block_000/layer_000/SelfAttention/relative_attention_bias  The initialzer will guess the input and output dimensions  based on dimension order.
WARNING:tensorflow:Using default tf glorot_uniform_initializer for variable decoder/block_000/layer_000/SelfAttention/relative_attention_bias  The initialzer will guess the input and output dimensions  based on dimension order.
INFO:tensorflow:Variables being trained:
INFO:tensorflow:['shared/embedding']
INFO:tensorflow:Variables not being trained:
INFO:tensorflow:['encoder/block_000/layer_000/layer_norm/scale', 'encoder/block_000/layer_000/SelfAttention/q', 'encoder/block_000/layer_000/SelfAttention/k', 'encoder/block_000/layer_000/SelfAttention/v', 'encoder/block_000/layer_000/SelfAttention/o', 'encoder/block_000/layer_000/SelfAttention/relative_attention_bias', 'encoder/block_000/layer_001/layer_norm/scale', 'encoder/block_000/layer_001/DenseReluDense/wi/kernel', 'encoder/block_000/layer_001/DenseReluDense/wo/kernel', 'encoder/block_001/layer_000/layer_norm/scale', 'encoder/block_001/layer_000/SelfAttention/q', 'encoder/block_001/layer_000/SelfAttention/k', 'encoder/block_001/layer_000/SelfAttention/v', 'encoder/block_001/layer_000/SelfAttention/o', 'encoder/block_001/layer_001/layer_norm/scale', 'encoder/block_001/layer_001/DenseReluDense/wi/kernel', 'encoder/block_001/layer_001/DenseReluDense/wo/kernel', 'encoder/block_002/layer_000/layer_norm/scale', 'encoder/block_002/layer_000/SelfAttention/q', 'encoder/block_002/layer_000/SelfAttention/k', 'encoder/block_002/layer_000/SelfAttention/v', 'encoder/block_002/layer_000/SelfAttention/o', 'encoder/block_002/layer_001/layer_norm/scale', 'encoder/block_002/layer_001/DenseReluDense/wi/kernel', 'encoder/block_002/layer_001/DenseReluDense/wo/kernel', 'encoder/block_003/layer_000/layer_norm/scale', 'encoder/block_003/layer_000/SelfAttention/q', 'encoder/block_003/layer_000/SelfAttention/k', 'encoder/block_003/layer_000/SelfAttention/v', 'encoder/block_003/layer_000/SelfAttention/o', 'encoder/block_003/layer_001/layer_norm/scale', 'encoder/block_003/layer_001/DenseReluDense/wi/kernel', 'encoder/block_003/layer_001/DenseReluDense/wo/kernel', 'encoder/block_004/layer_000/layer_norm/scale', 'encoder/block_004/layer_000/SelfAttention/q', 'encoder/block_004/layer_000/SelfAttention/k', 'encoder/block_004/layer_000/SelfAttention/v', 'encoder/block_004/layer_000/SelfAttention/o', 'encoder/block_004/layer_001/layer_norm/scale', 'encoder/block_004/layer_001/DenseReluDense/wi/kernel', 'encoder/block_004/layer_001/DenseReluDense/wo/kernel', 'encoder/block_005/layer_000/layer_norm/scale', 'encoder/block_005/layer_000/SelfAttention/q', 'encoder/block_005/layer_000/SelfAttention/k', 'encoder/block_005/layer_000/SelfAttention/v', 'encoder/block_005/layer_000/SelfAttention/o', 'encoder/block_005/layer_001/layer_norm/scale', 'encoder/block_005/layer_001/DenseReluDense/wi/kernel', 'encoder/block_005/layer_001/DenseReluDense/wo/kernel', 'encoder/block_006/layer_000/layer_norm/scale', 'encoder/block_006/layer_000/SelfAttention/q', 'encoder/block_006/layer_000/SelfAttention/k', 'encoder/block_006/layer_000/SelfAttention/v', 'encoder/block_006/layer_000/SelfAttention/o', 'encoder/block_006/layer_001/layer_norm/scale', 'encoder/block_006/layer_001/DenseReluDense/wi/kernel', 'encoder/block_006/layer_001/DenseReluDense/wo/kernel', 'encoder/block_007/layer_000/layer_norm/scale', 'encoder/block_007/layer_000/SelfAttention/q', 'encoder/block_007/layer_000/SelfAttention/k', 'encoder/block_007/layer_000/SelfAttention/v', 'encoder/block_007/layer_000/SelfAttention/o', 'encoder/block_007/layer_001/layer_norm/scale', 'encoder/block_007/layer_001/DenseReluDense/wi/kernel', 'encoder/block_007/layer_001/DenseReluDense/wo/kernel', 'encoder/block_008/layer_000/layer_norm/scale', 'encoder/block_008/layer_000/SelfAttention/q', 'encoder/block_008/layer_000/SelfAttention/k', 'encoder/block_008/layer_000/SelfAttention/v', 'encoder/block_008/layer_000/SelfAttention/o', 'encoder/block_008/layer_001/layer_norm/scale', 'encoder/block_008/layer_001/DenseReluDense/wi/kernel', 'encoder/block_008/layer_001/DenseReluDense/wo/kernel', 'encoder/block_009/layer_000/layer_norm/scale', 'encoder/block_009/layer_000/SelfAttention/q', 'encoder/block_009/layer_000/SelfAttention/k', 'encoder/block_009/layer_000/SelfAttention/v', 'encoder/block_009/layer_000/SelfAttention/o', 'encoder/block_009/layer_001/layer_norm/scale', 'encoder/block_009/layer_001/DenseReluDense/wi/kernel', 'encoder/block_009/layer_001/DenseReluDense/wo/kernel', 'encoder/block_010/layer_000/layer_norm/scale', 'encoder/block_010/layer_000/SelfAttention/q', 'encoder/block_010/layer_000/SelfAttention/k', 'encoder/block_010/layer_000/SelfAttention/v', 'encoder/block_010/layer_000/SelfAttention/o', 'encoder/block_010/layer_001/layer_norm/scale', 'encoder/block_010/layer_001/DenseReluDense/wi/kernel', 'encoder/block_010/layer_001/DenseReluDense/wo/kernel', 'encoder/block_011/layer_000/layer_norm/scale', 'encoder/block_011/layer_000/SelfAttention/q', 'encoder/block_011/layer_000/SelfAttention/k', 'encoder/block_011/layer_000/SelfAttention/v', 'encoder/block_011/layer_000/SelfAttention/o', 'encoder/block_011/layer_001/layer_norm/scale', 'encoder/block_011/layer_001/DenseReluDense/wi/kernel', 'encoder/block_011/layer_001/DenseReluDense/wo/kernel', 'encoder/final_layer_norm/scale', 'decoder/block_000/layer_000/layer_norm/scale', 'decoder/block_000/layer_000/SelfAttention/q', 'decoder/block_000/layer_000/SelfAttention/k', 'decoder/block_000/layer_000/SelfAttention/v', 'decoder/block_000/layer_000/SelfAttention/o', 'decoder/block_000/layer_000/SelfAttention/relative_attention_bias', 'decoder/block_000/layer_001/layer_norm/scale', 'decoder/block_000/layer_001/EncDecAttention/q', 'decoder/block_000/layer_001/EncDecAttention/k', 'decoder/block_000/layer_001/EncDecAttention/v', 'decoder/block_000/layer_001/EncDecAttention/o', 'decoder/block_000/layer_002/layer_norm/scale', 'decoder/block_000/layer_002/DenseReluDense/wi/kernel', 'decoder/block_000/layer_002/DenseReluDense/wo/kernel', 'decoder/block_001/layer_000/layer_norm/scale', 'decoder/block_001/layer_000/SelfAttention/q', 'decoder/block_001/layer_000/SelfAttention/k', 'decoder/block_001/layer_000/SelfAttention/v', 'decoder/block_001/layer_000/SelfAttention/o', 'decoder/block_001/layer_001/layer_norm/scale', 'decoder/block_001/layer_001/EncDecAttention/q', 'decoder/block_001/layer_001/EncDecAttention/k', 'decoder/block_001/layer_001/EncDecAttention/v', 'decoder/block_001/layer_001/EncDecAttention/o', 'decoder/block_001/layer_002/layer_norm/scale', 'decoder/block_001/layer_002/DenseReluDense/wi/kernel', 'decoder/block_001/layer_002/DenseReluDense/wo/kernel', 'decoder/block_002/layer_000/layer_norm/scale', 'decoder/block_002/layer_000/SelfAttention/q', 'decoder/block_002/layer_000/SelfAttention/k', 'decoder/block_002/layer_000/SelfAttention/v', 'decoder/block_002/layer_000/SelfAttention/o', 'decoder/block_002/layer_001/layer_norm/scale', 'decoder/block_002/layer_001/EncDecAttention/q', 'decoder/block_002/layer_001/EncDecAttention/k', 'decoder/block_002/layer_001/EncDecAttention/v', 'decoder/block_002/layer_001/EncDecAttention/o', 'decoder/block_002/layer_002/layer_norm/scale', 'decoder/block_002/layer_002/DenseReluDense/wi/kernel', 'decoder/block_002/layer_002/DenseReluDense/wo/kernel', 'decoder/block_003/layer_000/layer_norm/scale', 'decoder/block_003/layer_000/SelfAttention/q', 'decoder/block_003/layer_000/SelfAttention/k', 'decoder/block_003/layer_000/SelfAttention/v', 'decoder/block_003/layer_000/SelfAttention/o', 'decoder/block_003/layer_001/layer_norm/scale', 'decoder/block_003/layer_001/EncDecAttention/q', 'decoder/block_003/layer_001/EncDecAttention/k', 'decoder/block_003/layer_001/EncDecAttention/v', 'decoder/block_003/layer_001/EncDecAttention/o', 'decoder/block_003/layer_002/layer_norm/scale', 'decoder/block_003/layer_002/DenseReluDense/wi/kernel', 'decoder/block_003/layer_002/DenseReluDense/wo/kernel', 'decoder/block_004/layer_000/layer_norm/scale', 'decoder/block_004/layer_000/SelfAttention/q', 'decoder/block_004/layer_000/SelfAttention/k', 'decoder/block_004/layer_000/SelfAttention/v', 'decoder/block_004/layer_000/SelfAttention/o', 'decoder/block_004/layer_001/layer_norm/scale', 'decoder/block_004/layer_001/EncDecAttention/q', 'decoder/block_004/layer_001/EncDecAttention/k', 'decoder/block_004/layer_001/EncDecAttention/v', 'decoder/block_004/layer_001/EncDecAttention/o', 'decoder/block_004/layer_002/layer_norm/scale', 'decoder/block_004/layer_002/DenseReluDense/wi/kernel', 'decoder/block_004/layer_002/DenseReluDense/wo/kernel', 'decoder/block_005/layer_000/layer_norm/scale', 'decoder/block_005/layer_000/SelfAttention/q', 'decoder/block_005/layer_000/SelfAttention/k', 'decoder/block_005/layer_000/SelfAttention/v', 'decoder/block_005/layer_000/SelfAttention/o', 'decoder/block_005/layer_001/layer_norm/scale', 'decoder/block_005/layer_001/EncDecAttention/q', 'decoder/block_005/layer_001/EncDecAttention/k', 'decoder/block_005/layer_001/EncDecAttention/v', 'decoder/block_005/layer_001/EncDecAttention/o', 'decoder/block_005/layer_002/layer_norm/scale', 'decoder/block_005/layer_002/DenseReluDense/wi/kernel', 'decoder/block_005/layer_002/DenseReluDense/wo/kernel', 'decoder/block_006/layer_000/layer_norm/scale', 'decoder/block_006/layer_000/SelfAttention/q', 'decoder/block_006/layer_000/SelfAttention/k', 'decoder/block_006/layer_000/SelfAttention/v', 'decoder/block_006/layer_000/SelfAttention/o', 'decoder/block_006/layer_001/layer_norm/scale', 'decoder/block_006/layer_001/EncDecAttention/q', 'decoder/block_006/layer_001/EncDecAttention/k', 'decoder/block_006/layer_001/EncDecAttention/v', 'decoder/block_006/layer_001/EncDecAttention/o', 'decoder/block_006/layer_002/layer_norm/scale', 'decoder/block_006/layer_002/DenseReluDense/wi/kernel', 'decoder/block_006/layer_002/DenseReluDense/wo/kernel', 'decoder/block_007/layer_000/layer_norm/scale', 'decoder/block_007/layer_000/SelfAttention/q', 'decoder/block_007/layer_000/SelfAttention/k', 'decoder/block_007/layer_000/SelfAttention/v', 'decoder/block_007/layer_000/SelfAttention/o', 'decoder/block_007/layer_001/layer_norm/scale', 'decoder/block_007/layer_001/EncDecAttention/q', 'decoder/block_007/layer_001/EncDecAttention/k', 'decoder/block_007/layer_001/EncDecAttention/v', 'decoder/block_007/layer_001/EncDecAttention/o', 'decoder/block_007/layer_002/layer_norm/scale', 'decoder/block_007/layer_002/DenseReluDense/wi/kernel', 'decoder/block_007/layer_002/DenseReluDense/wo/kernel', 'decoder/block_008/layer_000/layer_norm/scale', 'decoder/block_008/layer_000/SelfAttention/q', 'decoder/block_008/layer_000/SelfAttention/k', 'decoder/block_008/layer_000/SelfAttention/v', 'decoder/block_008/layer_000/SelfAttention/o', 'decoder/block_008/layer_001/layer_norm/scale', 'decoder/block_008/layer_001/EncDecAttention/q', 'decoder/block_008/layer_001/EncDecAttention/k', 'decoder/block_008/layer_001/EncDecAttention/v', 'decoder/block_008/layer_001/EncDecAttention/o', 'decoder/block_008/layer_002/layer_norm/scale', 'decoder/block_008/layer_002/DenseReluDense/wi/kernel', 'decoder/block_008/layer_002/DenseReluDense/wo/kernel', 'decoder/block_009/layer_000/layer_norm/scale', 'decoder/block_009/layer_000/SelfAttention/q', 'decoder/block_009/layer_000/SelfAttention/k', 'decoder/block_009/layer_000/SelfAttention/v', 'decoder/block_009/layer_000/SelfAttention/o', 'decoder/block_009/layer_001/layer_norm/scale', 'decoder/block_009/layer_001/EncDecAttention/q', 'decoder/block_009/layer_001/EncDecAttention/k', 'decoder/block_009/layer_001/EncDecAttention/v', 'decoder/block_009/layer_001/EncDecAttention/o', 'decoder/block_009/layer_002/layer_norm/scale', 'decoder/block_009/layer_002/DenseReluDense/wi/kernel', 'decoder/block_009/layer_002/DenseReluDense/wo/kernel', 'decoder/block_010/layer_000/layer_norm/scale', 'decoder/block_010/layer_000/SelfAttention/q', 'decoder/block_010/layer_000/SelfAttention/k', 'decoder/block_010/layer_000/SelfAttention/v', 'decoder/block_010/layer_000/SelfAttention/o', 'decoder/block_010/layer_001/layer_norm/scale', 'decoder/block_010/layer_001/EncDecAttention/q', 'decoder/block_010/layer_001/EncDecAttention/k', 'decoder/block_010/layer_001/EncDecAttention/v', 'decoder/block_010/layer_001/EncDecAttention/o', 'decoder/block_010/layer_002/layer_norm/scale', 'decoder/block_010/layer_002/DenseReluDense/wi/kernel', 'decoder/block_010/layer_002/DenseReluDense/wo/kernel', 'decoder/block_011/layer_000/layer_norm/scale', 'decoder/block_011/layer_000/SelfAttention/q', 'decoder/block_011/layer_000/SelfAttention/k', 'decoder/block_011/layer_000/SelfAttention/v', 'decoder/block_011/layer_000/SelfAttention/o', 'decoder/block_011/layer_001/layer_norm/scale', 'decoder/block_011/layer_001/EncDecAttention/q', 'decoder/block_011/layer_001/EncDecAttention/k', 'decoder/block_011/layer_001/EncDecAttention/v', 'decoder/block_011/layer_001/EncDecAttention/o', 'decoder/block_011/layer_002/layer_norm/scale', 'decoder/block_011/layer_002/DenseReluDense/wi/kernel', 'decoder/block_011/layer_002/DenseReluDense/wo/kernel', 'decoder/final_layer_norm/scale']
INFO:tensorflow:Create pnum_tensor
INFO:tensorflow:Casting <dtype: 'int32'> to float32 for allreduce
INFO:tensorflow:Variable decoder/block_000/layer_000/SelfAttention/k                  size 589824       slice_size 294912       Shape[d_model=768, heads=768]                               
INFO:tensorflow:Variable decoder/block_000/layer_000/SelfAttention/o                  size 589824       slice_size 294912       Shape[heads=768, d_model=768]                               
INFO:tensorflow:Variable decoder/block_000/layer_000/SelfAttention/q                  size 589824       slice_size 294912       Shape[d_model=768, heads=768]                               
INFO:tensorflow:Variable decoder/block_000/layer_000/SelfAttention/v                  size 589824       slice_size 294912       Shape[d_model=768, heads=768]                               
INFO:tensorflow:Variable decoder/block_000/layer_001/EncDecAttention/k                size 589824       slice_size 294912       Shape[d_model=768, heads=768]                               
INFO:tensorflow:Variable decoder/block_000/layer_001/EncDecAttention/o                size 589824       slice_size 294912       Shape[heads=768, d_model=768]                               
INFO:tensorflow:Variable decoder/block_000/layer_001/EncDecAttention/q                size 589824       slice_size 294912       Shape[d_model=768, heads=768]                               
INFO:tensorflow:Variable decoder/block_000/layer_001/EncDecAttention/v                size 589824       slice_size 294912       Shape[d_model=768, heads=768]                               
INFO:tensorflow:Variable decoder/block_000/layer_002/DenseReluDense/wi/kernel         size 2359296      slice_size 1179648      Shape[d_model=768, d_ff=3072]                               
INFO:tensorflow:Variable decoder/block_000/layer_002/DenseReluDense/wo/kernel         size 2359296      slice_size 1179648      Shape[d_ff=3072, d_model=768]                               
INFO:tensorflow:Variable decoder/block_001/layer_000/SelfAttention/k                  size 589824       slice_size 294912       Shape[d_model=768, heads=768]                               
INFO:tensorflow:Variable decoder/block_001/layer_000/SelfAttention/o                  size 589824       slice_size 294912       Shape[heads=768, d_model=768]                               
INFO:tensorflow:Variable decoder/block_001/layer_000/SelfAttention/q                  size 589824       slice_size 294912       Shape[d_model=768, heads=768]                               
INFO:tensorflow:Variable decoder/block_001/layer_000/SelfAttention/v                  size 589824       slice_size 294912       Shape[d_model=768, heads=768]                               
INFO:tensorflow:Variable decoder/block_001/layer_001/EncDecAttention/k                size 589824       slice_size 294912       Shape[d_model=768, heads=768]                               
INFO:tensorflow:Variable decoder/block_001/layer_001/EncDecAttention/o                size 589824       slice_size 294912       Shape[heads=768, d_model=768]                               
INFO:tensorflow:Variable decoder/block_001/layer_001/EncDecAttention/q                size 589824       slice_size 294912       Shape[d_model=768, heads=768]                               
INFO:tensorflow:Variable decoder/block_001/layer_001/EncDecAttention/v                size 589824       slice_size 294912       Shape[d_model=768, heads=768]                               
INFO:tensorflow:Variable decoder/block_001/layer_002/DenseReluDense/wi/kernel         size 2359296      slice_size 1179648      Shape[d_model=768, d_ff=3072]                               
INFO:tensorflow:Variable decoder/block_001/layer_002/DenseReluDense/wo/kernel         size 2359296      slice_size 1179648      Shape[d_ff=3072, d_model=768]                               
INFO:tensorflow:Variable decoder/block_002/layer_000/SelfAttention/k                  size 589824       slice_size 294912       Shape[d_model=768, heads=768]                               
INFO:tensorflow:Variable decoder/block_002/layer_000/SelfAttention/o                  size 589824       slice_size 294912       Shape[heads=768, d_model=768]                               
INFO:tensorflow:Variable decoder/block_002/layer_000/SelfAttention/q                  size 589824       slice_size 294912       Shape[d_model=768, heads=768]                               
INFO:tensorflow:Variable decoder/block_002/layer_000/SelfAttention/v                  size 589824       slice_size 294912       Shape[d_model=768, heads=768]                               
INFO:tensorflow:Variable decoder/block_002/layer_001/EncDecAttention/k                size 589824       slice_size 294912       Shape[d_model=768, heads=768]                               
INFO:tensorflow:Variable decoder/block_002/layer_001/EncDecAttention/o                size 589824       slice_size 294912       Shape[heads=768, d_model=768]                               
INFO:tensorflow:Variable decoder/block_002/layer_001/EncDecAttention/q                size 589824       slice_size 294912       Shape[d_model=768, heads=768]                               
INFO:tensorflow:Variable decoder/block_002/layer_001/EncDecAttention/v                size 589824       slice_size 294912       Shape[d_model=768, heads=768]                               
INFO:tensorflow:Variable decoder/block_002/layer_002/DenseReluDense/wi/kernel         size 2359296      slice_size 1179648      Shape[d_model=768, d_ff=3072]                               
INFO:tensorflow:Variable decoder/block_002/layer_002/DenseReluDense/wo/kernel         size 2359296      slice_size 1179648      Shape[d_ff=3072, d_model=768]                               
INFO:tensorflow:Variable decoder/block_003/layer_000/SelfAttention/k                  size 589824       slice_size 294912       Shape[d_model=768, heads=768]                               
INFO:tensorflow:Variable decoder/block_003/layer_000/SelfAttention/o                  size 589824       slice_size 294912       Shape[heads=768, d_model=768]                               
INFO:tensorflow:Variable decoder/block_003/layer_000/SelfAttention/q                  size 589824       slice_size 294912       Shape[d_model=768, heads=768]                               
INFO:tensorflow:Variable decoder/block_003/layer_000/SelfAttention/v                  size 589824       slice_size 294912       Shape[d_model=768, heads=768]                               
INFO:tensorflow:Variable decoder/block_003/layer_001/EncDecAttention/k                size 589824       slice_size 294912       Shape[d_model=768, heads=768]                               
INFO:tensorflow:Variable decoder/block_003/layer_001/EncDecAttention/o                size 589824       slice_size 294912       Shape[heads=768, d_model=768]                               
INFO:tensorflow:Variable decoder/block_003/layer_001/EncDecAttention/q                size 589824       slice_size 294912       Shape[d_model=768, heads=768]                               
INFO:tensorflow:Variable decoder/block_003/layer_001/EncDecAttention/v                size 589824       slice_size 294912       Shape[d_model=768, heads=768]                               
INFO:tensorflow:Variable decoder/block_003/layer_002/DenseReluDense/wi/kernel         size 2359296      slice_size 1179648      Shape[d_model=768, d_ff=3072]                               
INFO:tensorflow:Variable decoder/block_003/layer_002/DenseReluDense/wo/kernel         size 2359296      slice_size 1179648      Shape[d_ff=3072, d_model=768]                               
INFO:tensorflow:Variable decoder/block_004/layer_000/SelfAttention/k                  size 589824       slice_size 294912       Shape[d_model=768, heads=768]                               
INFO:tensorflow:Variable decoder/block_004/layer_000/SelfAttention/o                  size 589824       slice_size 294912       Shape[heads=768, d_model=768]                               
INFO:tensorflow:Variable decoder/block_004/layer_000/SelfAttention/q                  size 589824       slice_size 294912       Shape[d_model=768, heads=768]                               
INFO:tensorflow:Variable decoder/block_004/layer_000/SelfAttention/v                  size 589824       slice_size 294912       Shape[d_model=768, heads=768]                               
INFO:tensorflow:Variable decoder/block_004/layer_001/EncDecAttention/k                size 589824       slice_size 294912       Shape[d_model=768, heads=768]                               
INFO:tensorflow:Variable decoder/block_004/layer_001/EncDecAttention/o                size 589824       slice_size 294912       Shape[heads=768, d_model=768]                               
INFO:tensorflow:Variable decoder/block_004/layer_001/EncDecAttention/q                size 589824       slice_size 294912       Shape[d_model=768, heads=768]                               
INFO:tensorflow:Variable decoder/block_004/layer_001/EncDecAttention/v                size 589824       slice_size 294912       Shape[d_model=768, heads=768]                               
INFO:tensorflow:Variable decoder/block_004/layer_002/DenseReluDense/wi/kernel         size 2359296      slice_size 1179648      Shape[d_model=768, d_ff=3072]                               
INFO:tensorflow:Variable decoder/block_004/layer_002/DenseReluDense/wo/kernel         size 2359296      slice_size 1179648      Shape[d_ff=3072, d_model=768]                               
INFO:tensorflow:Variable decoder/block_005/layer_000/SelfAttention/k                  size 589824       slice_size 294912       Shape[d_model=768, heads=768]                               
INFO:tensorflow:Variable decoder/block_005/layer_000/SelfAttention/o                  size 589824       slice_size 294912       Shape[heads=768, d_model=768]                               
INFO:tensorflow:Variable decoder/block_005/layer_000/SelfAttention/q                  size 589824       slice_size 294912       Shape[d_model=768, heads=768]                               
INFO:tensorflow:Variable decoder/block_005/layer_000/SelfAttention/v                  size 589824       slice_size 294912       Shape[d_model=768, heads=768]                               
INFO:tensorflow:Variable decoder/block_005/layer_001/EncDecAttention/k                size 589824       slice_size 294912       Shape[d_model=768, heads=768]                               
INFO:tensorflow:Variable decoder/block_005/layer_001/EncDecAttention/o                size 589824       slice_size 294912       Shape[heads=768, d_model=768]                               
INFO:tensorflow:Variable decoder/block_005/layer_001/EncDecAttention/q                size 589824       slice_size 294912       Shape[d_model=768, heads=768]                               
INFO:tensorflow:Variable decoder/block_005/layer_001/EncDecAttention/v                size 589824       slice_size 294912       Shape[d_model=768, heads=768]                               
INFO:tensorflow:Variable decoder/block_005/layer_002/DenseReluDense/wi/kernel         size 2359296      slice_size 1179648      Shape[d_model=768, d_ff=3072]                               
INFO:tensorflow:Variable decoder/block_005/layer_002/DenseReluDense/wo/kernel         size 2359296      slice_size 1179648      Shape[d_ff=3072, d_model=768]                               
INFO:tensorflow:Variable decoder/block_006/layer_000/SelfAttention/k                  size 589824       slice_size 294912       Shape[d_model=768, heads=768]                               
INFO:tensorflow:Variable decoder/block_006/layer_000/SelfAttention/o                  size 589824       slice_size 294912       Shape[heads=768, d_model=768]                               
INFO:tensorflow:Variable decoder/block_006/layer_000/SelfAttention/q                  size 589824       slice_size 294912       Shape[d_model=768, heads=768]                               
INFO:tensorflow:Variable decoder/block_006/layer_000/SelfAttention/v                  size 589824       slice_size 294912       Shape[d_model=768, heads=768]                               
INFO:tensorflow:Variable decoder/block_006/layer_001/EncDecAttention/k                size 589824       slice_size 294912       Shape[d_model=768, heads=768]                               
INFO:tensorflow:Variable decoder/block_006/layer_001/EncDecAttention/o                size 589824       slice_size 294912       Shape[heads=768, d_model=768]                               
INFO:tensorflow:Variable decoder/block_006/layer_001/EncDecAttention/q                size 589824       slice_size 294912       Shape[d_model=768, heads=768]                               
INFO:tensorflow:Variable decoder/block_006/layer_001/EncDecAttention/v                size 589824       slice_size 294912       Shape[d_model=768, heads=768]                               
INFO:tensorflow:Variable decoder/block_006/layer_002/DenseReluDense/wi/kernel         size 2359296      slice_size 1179648      Shape[d_model=768, d_ff=3072]                               
INFO:tensorflow:Variable decoder/block_006/layer_002/DenseReluDense/wo/kernel         size 2359296      slice_size 1179648      Shape[d_ff=3072, d_model=768]                               
INFO:tensorflow:Variable decoder/block_007/layer_000/SelfAttention/k                  size 589824       slice_size 294912       Shape[d_model=768, heads=768]                               
INFO:tensorflow:Variable decoder/block_007/layer_000/SelfAttention/o                  size 589824       slice_size 294912       Shape[heads=768, d_model=768]                               
INFO:tensorflow:Variable decoder/block_007/layer_000/SelfAttention/q                  size 589824       slice_size 294912       Shape[d_model=768, heads=768]                               
INFO:tensorflow:Variable decoder/block_007/layer_000/SelfAttention/v                  size 589824       slice_size 294912       Shape[d_model=768, heads=768]                               
INFO:tensorflow:Variable decoder/block_007/layer_001/EncDecAttention/k                size 589824       slice_size 294912       Shape[d_model=768, heads=768]                               
INFO:tensorflow:Variable decoder/block_007/layer_001/EncDecAttention/o                size 589824       slice_size 294912       Shape[heads=768, d_model=768]                               
INFO:tensorflow:Variable decoder/block_007/layer_001/EncDecAttention/q                size 589824       slice_size 294912       Shape[d_model=768, heads=768]                               
INFO:tensorflow:Variable decoder/block_007/layer_001/EncDecAttention/v                size 589824       slice_size 294912       Shape[d_model=768, heads=768]                               
INFO:tensorflow:Variable decoder/block_007/layer_002/DenseReluDense/wi/kernel         size 2359296      slice_size 1179648      Shape[d_model=768, d_ff=3072]                               
INFO:tensorflow:Variable decoder/block_007/layer_002/DenseReluDense/wo/kernel         size 2359296      slice_size 1179648      Shape[d_ff=3072, d_model=768]                               
INFO:tensorflow:Variable decoder/block_008/layer_000/SelfAttention/k                  size 589824       slice_size 294912       Shape[d_model=768, heads=768]                               
INFO:tensorflow:Variable decoder/block_008/layer_000/SelfAttention/o                  size 589824       slice_size 294912       Shape[heads=768, d_model=768]                               
INFO:tensorflow:Variable decoder/block_008/layer_000/SelfAttention/q                  size 589824       slice_size 294912       Shape[d_model=768, heads=768]                               
INFO:tensorflow:Variable decoder/block_008/layer_000/SelfAttention/v                  size 589824       slice_size 294912       Shape[d_model=768, heads=768]                               
INFO:tensorflow:Variable decoder/block_008/layer_001/EncDecAttention/k                size 589824       slice_size 294912       Shape[d_model=768, heads=768]                               
INFO:tensorflow:Variable decoder/block_008/layer_001/EncDecAttention/o                size 589824       slice_size 294912       Shape[heads=768, d_model=768]                               
INFO:tensorflow:Variable decoder/block_008/layer_001/EncDecAttention/q                size 589824       slice_size 294912       Shape[d_model=768, heads=768]                               
INFO:tensorflow:Variable decoder/block_008/layer_001/EncDecAttention/v                size 589824       slice_size 294912       Shape[d_model=768, heads=768]                               
INFO:tensorflow:Variable decoder/block_008/layer_002/DenseReluDense/wi/kernel         size 2359296      slice_size 1179648      Shape[d_model=768, d_ff=3072]                               
INFO:tensorflow:Variable decoder/block_008/layer_002/DenseReluDense/wo/kernel         size 2359296      slice_size 1179648      Shape[d_ff=3072, d_model=768]                               
INFO:tensorflow:Variable decoder/block_009/layer_000/SelfAttention/k                  size 589824       slice_size 294912       Shape[d_model=768, heads=768]                               
INFO:tensorflow:Variable decoder/block_009/layer_000/SelfAttention/o                  size 589824       slice_size 294912       Shape[heads=768, d_model=768]                               
INFO:tensorflow:Variable decoder/block_009/layer_000/SelfAttention/q                  size 589824       slice_size 294912       Shape[d_model=768, heads=768]                               
INFO:tensorflow:Variable decoder/block_009/layer_000/SelfAttention/v                  size 589824       slice_size 294912       Shape[d_model=768, heads=768]                               
INFO:tensorflow:Variable decoder/block_009/layer_001/EncDecAttention/k                size 589824       slice_size 294912       Shape[d_model=768, heads=768]                               
INFO:tensorflow:Variable decoder/block_009/layer_001/EncDecAttention/o                size 589824       slice_size 294912       Shape[heads=768, d_model=768]                               
INFO:tensorflow:Variable decoder/block_009/layer_001/EncDecAttention/q                size 589824       slice_size 294912       Shape[d_model=768, heads=768]                               
INFO:tensorflow:Variable decoder/block_009/layer_001/EncDecAttention/v                size 589824       slice_size 294912       Shape[d_model=768, heads=768]                               
INFO:tensorflow:Variable decoder/block_009/layer_002/DenseReluDense/wi/kernel         size 2359296      slice_size 1179648      Shape[d_model=768, d_ff=3072]                               
INFO:tensorflow:Variable decoder/block_009/layer_002/DenseReluDense/wo/kernel         size 2359296      slice_size 1179648      Shape[d_ff=3072, d_model=768]                               
INFO:tensorflow:Variable decoder/block_010/layer_000/SelfAttention/k                  size 589824       slice_size 294912       Shape[d_model=768, heads=768]                               
INFO:tensorflow:Variable decoder/block_010/layer_000/SelfAttention/o                  size 589824       slice_size 294912       Shape[heads=768, d_model=768]                               
INFO:tensorflow:Variable decoder/block_010/layer_000/SelfAttention/q                  size 589824       slice_size 294912       Shape[d_model=768, heads=768]                               
INFO:tensorflow:Variable decoder/block_010/layer_000/SelfAttention/v                  size 589824       slice_size 294912       Shape[d_model=768, heads=768]                               
INFO:tensorflow:Variable decoder/block_010/layer_001/EncDecAttention/k                size 589824       slice_size 294912       Shape[d_model=768, heads=768]                               
INFO:tensorflow:Variable decoder/block_010/layer_001/EncDecAttention/o                size 589824       slice_size 294912       Shape[heads=768, d_model=768]                               
INFO:tensorflow:Variable decoder/block_010/layer_001/EncDecAttention/q                size 589824       slice_size 294912       Shape[d_model=768, heads=768]                               
INFO:tensorflow:Variable decoder/block_010/layer_001/EncDecAttention/v                size 589824       slice_size 294912       Shape[d_model=768, heads=768]                               
INFO:tensorflow:Variable decoder/block_010/layer_002/DenseReluDense/wi/kernel         size 2359296      slice_size 1179648      Shape[d_model=768, d_ff=3072]                               
INFO:tensorflow:Variable decoder/block_010/layer_002/DenseReluDense/wo/kernel         size 2359296      slice_size 1179648      Shape[d_ff=3072, d_model=768]                               
INFO:tensorflow:Variable decoder/block_011/layer_000/SelfAttention/k                  size 589824       slice_size 294912       Shape[d_model=768, heads=768]                               
INFO:tensorflow:Variable decoder/block_011/layer_000/SelfAttention/o                  size 589824       slice_size 294912       Shape[heads=768, d_model=768]                               
INFO:tensorflow:Variable decoder/block_011/layer_000/SelfAttention/q                  size 589824       slice_size 294912       Shape[d_model=768, heads=768]                               
INFO:tensorflow:Variable decoder/block_011/layer_000/SelfAttention/v                  size 589824       slice_size 294912       Shape[d_model=768, heads=768]                               
INFO:tensorflow:Variable decoder/block_011/layer_001/EncDecAttention/k                size 589824       slice_size 294912       Shape[d_model=768, heads=768]                               
INFO:tensorflow:Variable decoder/block_011/layer_001/EncDecAttention/o                size 589824       slice_size 294912       Shape[heads=768, d_model=768]                               
INFO:tensorflow:Variable decoder/block_011/layer_001/EncDecAttention/q                size 589824       slice_size 294912       Shape[d_model=768, heads=768]                               
INFO:tensorflow:Variable decoder/block_011/layer_001/EncDecAttention/v                size 589824       slice_size 294912       Shape[d_model=768, heads=768]                               
INFO:tensorflow:Variable decoder/block_011/layer_002/DenseReluDense/wi/kernel         size 2359296      slice_size 1179648      Shape[d_model=768, d_ff=3072]                               
INFO:tensorflow:Variable decoder/block_011/layer_002/DenseReluDense/wo/kernel         size 2359296      slice_size 1179648      Shape[d_ff=3072, d_model=768]                               
INFO:tensorflow:Variable encoder/block_000/layer_000/SelfAttention/k                  size 589824       slice_size 294912       Shape[d_model=768, heads=768]                               
INFO:tensorflow:Variable encoder/block_000/layer_000/SelfAttention/o                  size 589824       slice_size 294912       Shape[heads=768, d_model=768]                               
INFO:tensorflow:Variable encoder/block_000/layer_000/SelfAttention/q                  size 589824       slice_size 294912       Shape[d_model=768, heads=768]                               
INFO:tensorflow:Variable encoder/block_000/layer_000/SelfAttention/v                  size 589824       slice_size 294912       Shape[d_model=768, heads=768]                               
INFO:tensorflow:Variable encoder/block_000/layer_001/DenseReluDense/wi/kernel         size 2359296      slice_size 1179648      Shape[d_model=768, d_ff=3072]                               
INFO:tensorflow:Variable encoder/block_000/layer_001/DenseReluDense/wo/kernel         size 2359296      slice_size 1179648      Shape[d_ff=3072, d_model=768]                               
INFO:tensorflow:Variable encoder/block_001/layer_000/SelfAttention/k                  size 589824       slice_size 294912       Shape[d_model=768, heads=768]                               
INFO:tensorflow:Variable encoder/block_001/layer_000/SelfAttention/o                  size 589824       slice_size 294912       Shape[heads=768, d_model=768]                               
INFO:tensorflow:Variable encoder/block_001/layer_000/SelfAttention/q                  size 589824       slice_size 294912       Shape[d_model=768, heads=768]                               
INFO:tensorflow:Variable encoder/block_001/layer_000/SelfAttention/v                  size 589824       slice_size 294912       Shape[d_model=768, heads=768]                               
INFO:tensorflow:Variable encoder/block_001/layer_001/DenseReluDense/wi/kernel         size 2359296      slice_size 1179648      Shape[d_model=768, d_ff=3072]                               
INFO:tensorflow:Variable encoder/block_001/layer_001/DenseReluDense/wo/kernel         size 2359296      slice_size 1179648      Shape[d_ff=3072, d_model=768]                               
INFO:tensorflow:Variable encoder/block_002/layer_000/SelfAttention/k                  size 589824       slice_size 294912       Shape[d_model=768, heads=768]                               
INFO:tensorflow:Variable encoder/block_002/layer_000/SelfAttention/o                  size 589824       slice_size 294912       Shape[heads=768, d_model=768]                               
INFO:tensorflow:Variable encoder/block_002/layer_000/SelfAttention/q                  size 589824       slice_size 294912       Shape[d_model=768, heads=768]                               
INFO:tensorflow:Variable encoder/block_002/layer_000/SelfAttention/v                  size 589824       slice_size 294912       Shape[d_model=768, heads=768]                               
INFO:tensorflow:Variable encoder/block_002/layer_001/DenseReluDense/wi/kernel         size 2359296      slice_size 1179648      Shape[d_model=768, d_ff=3072]                               
INFO:tensorflow:Variable encoder/block_002/layer_001/DenseReluDense/wo/kernel         size 2359296      slice_size 1179648      Shape[d_ff=3072, d_model=768]                               
INFO:tensorflow:Variable encoder/block_003/layer_000/SelfAttention/k                  size 589824       slice_size 294912       Shape[d_model=768, heads=768]                               
INFO:tensorflow:Variable encoder/block_003/layer_000/SelfAttention/o                  size 589824       slice_size 294912       Shape[heads=768, d_model=768]                               
INFO:tensorflow:Variable encoder/block_003/layer_000/SelfAttention/q                  size 589824       slice_size 294912       Shape[d_model=768, heads=768]                               
INFO:tensorflow:Variable encoder/block_003/layer_000/SelfAttention/v                  size 589824       slice_size 294912       Shape[d_model=768, heads=768]                               
INFO:tensorflow:Variable encoder/block_003/layer_001/DenseReluDense/wi/kernel         size 2359296      slice_size 1179648      Shape[d_model=768, d_ff=3072]                               
INFO:tensorflow:Variable encoder/block_003/layer_001/DenseReluDense/wo/kernel         size 2359296      slice_size 1179648      Shape[d_ff=3072, d_model=768]                               
INFO:tensorflow:Variable encoder/block_004/layer_000/SelfAttention/k                  size 589824       slice_size 294912       Shape[d_model=768, heads=768]                               
INFO:tensorflow:Variable encoder/block_004/layer_000/SelfAttention/o                  size 589824       slice_size 294912       Shape[heads=768, d_model=768]                               
INFO:tensorflow:Variable encoder/block_004/layer_000/SelfAttention/q                  size 589824       slice_size 294912       Shape[d_model=768, heads=768]                               
INFO:tensorflow:Variable encoder/block_004/layer_000/SelfAttention/v                  size 589824       slice_size 294912       Shape[d_model=768, heads=768]                               
INFO:tensorflow:Variable encoder/block_004/layer_001/DenseReluDense/wi/kernel         size 2359296      slice_size 1179648      Shape[d_model=768, d_ff=3072]                               
INFO:tensorflow:Variable encoder/block_004/layer_001/DenseReluDense/wo/kernel         size 2359296      slice_size 1179648      Shape[d_ff=3072, d_model=768]                               
INFO:tensorflow:Variable encoder/block_005/layer_000/SelfAttention/k                  size 589824       slice_size 294912       Shape[d_model=768, heads=768]                               
INFO:tensorflow:Variable encoder/block_005/layer_000/SelfAttention/o                  size 589824       slice_size 294912       Shape[heads=768, d_model=768]                               
INFO:tensorflow:Variable encoder/block_005/layer_000/SelfAttention/q                  size 589824       slice_size 294912       Shape[d_model=768, heads=768]                               
INFO:tensorflow:Variable encoder/block_005/layer_000/SelfAttention/v                  size 589824       slice_size 294912       Shape[d_model=768, heads=768]                               
INFO:tensorflow:Variable encoder/block_005/layer_001/DenseReluDense/wi/kernel         size 2359296      slice_size 1179648      Shape[d_model=768, d_ff=3072]                               
INFO:tensorflow:Variable encoder/block_005/layer_001/DenseReluDense/wo/kernel         size 2359296      slice_size 1179648      Shape[d_ff=3072, d_model=768]                               
INFO:tensorflow:Variable encoder/block_006/layer_000/SelfAttention/k                  size 589824       slice_size 294912       Shape[d_model=768, heads=768]                               
INFO:tensorflow:Variable encoder/block_006/layer_000/SelfAttention/o                  size 589824       slice_size 294912       Shape[heads=768, d_model=768]                               
INFO:tensorflow:Variable encoder/block_006/layer_000/SelfAttention/q                  size 589824       slice_size 294912       Shape[d_model=768, heads=768]                               
INFO:tensorflow:Variable encoder/block_006/layer_000/SelfAttention/v                  size 589824       slice_size 294912       Shape[d_model=768, heads=768]                               
INFO:tensorflow:Variable encoder/block_006/layer_001/DenseReluDense/wi/kernel         size 2359296      slice_size 1179648      Shape[d_model=768, d_ff=3072]                               
INFO:tensorflow:Variable encoder/block_006/layer_001/DenseReluDense/wo/kernel         size 2359296      slice_size 1179648      Shape[d_ff=3072, d_model=768]                               
INFO:tensorflow:Variable encoder/block_007/layer_000/SelfAttention/k                  size 589824       slice_size 294912       Shape[d_model=768, heads=768]                               
INFO:tensorflow:Variable encoder/block_007/layer_000/SelfAttention/o                  size 589824       slice_size 294912       Shape[heads=768, d_model=768]                               
INFO:tensorflow:Variable encoder/block_007/layer_000/SelfAttention/q                  size 589824       slice_size 294912       Shape[d_model=768, heads=768]                               
INFO:tensorflow:Variable encoder/block_007/layer_000/SelfAttention/v                  size 589824       slice_size 294912       Shape[d_model=768, heads=768]                               
INFO:tensorflow:Variable encoder/block_007/layer_001/DenseReluDense/wi/kernel         size 2359296      slice_size 1179648      Shape[d_model=768, d_ff=3072]                               
INFO:tensorflow:Variable encoder/block_007/layer_001/DenseReluDense/wo/kernel         size 2359296      slice_size 1179648      Shape[d_ff=3072, d_model=768]                               
INFO:tensorflow:Variable encoder/block_008/layer_000/SelfAttention/k                  size 589824       slice_size 294912       Shape[d_model=768, heads=768]                               
INFO:tensorflow:Variable encoder/block_008/layer_000/SelfAttention/o                  size 589824       slice_size 294912       Shape[heads=768, d_model=768]                               
INFO:tensorflow:Variable encoder/block_008/layer_000/SelfAttention/q                  size 589824       slice_size 294912       Shape[d_model=768, heads=768]                               
INFO:tensorflow:Variable encoder/block_008/layer_000/SelfAttention/v                  size 589824       slice_size 294912       Shape[d_model=768, heads=768]                               
INFO:tensorflow:Variable encoder/block_008/layer_001/DenseReluDense/wi/kernel         size 2359296      slice_size 1179648      Shape[d_model=768, d_ff=3072]                               
INFO:tensorflow:Variable encoder/block_008/layer_001/DenseReluDense/wo/kernel         size 2359296      slice_size 1179648      Shape[d_ff=3072, d_model=768]                               
INFO:tensorflow:Variable encoder/block_009/layer_000/SelfAttention/k                  size 589824       slice_size 294912       Shape[d_model=768, heads=768]                               
INFO:tensorflow:Variable encoder/block_009/layer_000/SelfAttention/o                  size 589824       slice_size 294912       Shape[heads=768, d_model=768]                               
INFO:tensorflow:Variable encoder/block_009/layer_000/SelfAttention/q                  size 589824       slice_size 294912       Shape[d_model=768, heads=768]                               
INFO:tensorflow:Variable encoder/block_009/layer_000/SelfAttention/v                  size 589824       slice_size 294912       Shape[d_model=768, heads=768]                               
INFO:tensorflow:Variable encoder/block_009/layer_001/DenseReluDense/wi/kernel         size 2359296      slice_size 1179648      Shape[d_model=768, d_ff=3072]                               
INFO:tensorflow:Variable encoder/block_009/layer_001/DenseReluDense/wo/kernel         size 2359296      slice_size 1179648      Shape[d_ff=3072, d_model=768]                               
INFO:tensorflow:Variable encoder/block_010/layer_000/SelfAttention/k                  size 589824       slice_size 294912       Shape[d_model=768, heads=768]                               
INFO:tensorflow:Variable encoder/block_010/layer_000/SelfAttention/o                  size 589824       slice_size 294912       Shape[heads=768, d_model=768]                               
INFO:tensorflow:Variable encoder/block_010/layer_000/SelfAttention/q                  size 589824       slice_size 294912       Shape[d_model=768, heads=768]                               
INFO:tensorflow:Variable encoder/block_010/layer_000/SelfAttention/v                  size 589824       slice_size 294912       Shape[d_model=768, heads=768]                               
INFO:tensorflow:Variable encoder/block_010/layer_001/DenseReluDense/wi/kernel         size 2359296      slice_size 1179648      Shape[d_model=768, d_ff=3072]                               
INFO:tensorflow:Variable encoder/block_010/layer_001/DenseReluDense/wo/kernel         size 2359296      slice_size 1179648      Shape[d_ff=3072, d_model=768]                               
INFO:tensorflow:Variable encoder/block_011/layer_000/SelfAttention/k                  size 589824       slice_size 294912       Shape[d_model=768, heads=768]                               
INFO:tensorflow:Variable encoder/block_011/layer_000/SelfAttention/o                  size 589824       slice_size 294912       Shape[heads=768, d_model=768]                               
INFO:tensorflow:Variable encoder/block_011/layer_000/SelfAttention/q                  size 589824       slice_size 294912       Shape[d_model=768, heads=768]                               
INFO:tensorflow:Variable encoder/block_011/layer_000/SelfAttention/v                  size 589824       slice_size 294912       Shape[d_model=768, heads=768]                               
INFO:tensorflow:Variable encoder/block_011/layer_001/DenseReluDense/wi/kernel         size 2359296      slice_size 1179648      Shape[d_model=768, d_ff=3072]                               
INFO:tensorflow:Variable encoder/block_011/layer_001/DenseReluDense/wo/kernel         size 2359296      slice_size 1179648      Shape[d_ff=3072, d_model=768]                               
INFO:tensorflow:Variable shared/embedding                                             size 24674304     slice_size 12337152     Shape[vocab=32128, d_model=768]                             
INFO:tensorflow:Variable stacked/encoder/block_000/layer_000/SelfAttention/relative_attention_bias size 768          slice_size 384          Shape[stacked=2, heads=12, buckets=32]                      
INFO:tensorflow:    encoder/block_000/layer_000/SelfAttention/relative_attention_bias
INFO:tensorflow:    decoder/block_000/layer_000/SelfAttention/relative_attention_bias
INFO:tensorflow:Variable stacked/encoder/block_000/layer_000/layer_norm/scale         size 47616        slice_size 47616        Shape[stacked=62, d_model=768]                              
INFO:tensorflow:    encoder/block_000/layer_000/layer_norm/scale
INFO:tensorflow:    encoder/block_000/layer_001/layer_norm/scale
INFO:tensorflow:    encoder/block_001/layer_000/layer_norm/scale
INFO:tensorflow:    encoder/block_001/layer_001/layer_norm/scale
INFO:tensorflow:    encoder/block_002/layer_000/layer_norm/scale
INFO:tensorflow:    encoder/block_002/layer_001/layer_norm/scale
INFO:tensorflow:    encoder/block_003/layer_000/layer_norm/scale
INFO:tensorflow:    encoder/block_003/layer_001/layer_norm/scale
INFO:tensorflow:    encoder/block_004/layer_000/layer_norm/scale
INFO:tensorflow:    encoder/block_004/layer_001/layer_norm/scale
INFO:tensorflow:    encoder/block_005/layer_000/layer_norm/scale
INFO:tensorflow:    encoder/block_005/layer_001/layer_norm/scale
INFO:tensorflow:    encoder/block_006/layer_000/layer_norm/scale
INFO:tensorflow:    encoder/block_006/layer_001/layer_norm/scale
INFO:tensorflow:    encoder/block_007/layer_000/layer_norm/scale
INFO:tensorflow:    encoder/block_007/layer_001/layer_norm/scale
INFO:tensorflow:    encoder/block_008/layer_000/layer_norm/scale
INFO:tensorflow:    encoder/block_008/layer_001/layer_norm/scale
INFO:tensorflow:    encoder/block_009/layer_000/layer_norm/scale
INFO:tensorflow:    encoder/block_009/layer_001/layer_norm/scale
INFO:tensorflow:    encoder/block_010/layer_000/layer_norm/scale
INFO:tensorflow:    encoder/block_010/layer_001/layer_norm/scale
INFO:tensorflow:    encoder/block_011/layer_000/layer_norm/scale
INFO:tensorflow:    encoder/block_011/layer_001/layer_norm/scale
INFO:tensorflow:    encoder/final_layer_norm/scale
INFO:tensorflow:    decoder/block_000/layer_000/layer_norm/scale
INFO:tensorflow:    decoder/block_000/layer_001/layer_norm/scale
INFO:tensorflow:    decoder/block_000/layer_002/layer_norm/scale
INFO:tensorflow:    decoder/block_001/layer_000/layer_norm/scale
INFO:tensorflow:    decoder/block_001/layer_001/layer_norm/scale
INFO:tensorflow:    decoder/block_001/layer_002/layer_norm/scale
INFO:tensorflow:    decoder/block_002/layer_000/layer_norm/scale
INFO:tensorflow:    decoder/block_002/layer_001/layer_norm/scale
INFO:tensorflow:    decoder/block_002/layer_002/layer_norm/scale
INFO:tensorflow:    decoder/block_003/layer_000/layer_norm/scale
INFO:tensorflow:    decoder/block_003/layer_001/layer_norm/scale
INFO:tensorflow:    decoder/block_003/layer_002/layer_norm/scale
INFO:tensorflow:    decoder/block_004/layer_000/layer_norm/scale
INFO:tensorflow:    decoder/block_004/layer_001/layer_norm/scale
INFO:tensorflow:    decoder/block_004/layer_002/layer_norm/scale
INFO:tensorflow:    decoder/block_005/layer_000/layer_norm/scale
INFO:tensorflow:    decoder/block_005/layer_001/layer_norm/scale
INFO:tensorflow:    decoder/block_005/layer_002/layer_norm/scale
INFO:tensorflow:    decoder/block_006/layer_000/layer_norm/scale
INFO:tensorflow:    decoder/block_006/layer_001/layer_norm/scale
INFO:tensorflow:    decoder/block_006/layer_002/layer_norm/scale
INFO:tensorflow:    decoder/block_007/layer_000/layer_norm/scale
INFO:tensorflow:    decoder/block_007/layer_001/layer_norm/scale
INFO:tensorflow:    decoder/block_007/layer_002/layer_norm/scale
INFO:tensorflow:    decoder/block_008/layer_000/layer_norm/scale
INFO:tensorflow:    decoder/block_008/layer_001/layer_norm/scale
INFO:tensorflow:    decoder/block_008/layer_002/layer_norm/scale
INFO:tensorflow:    decoder/block_009/layer_000/layer_norm/scale
INFO:tensorflow:    decoder/block_009/layer_001/layer_norm/scale
INFO:tensorflow:    decoder/block_009/layer_002/layer_norm/scale
INFO:tensorflow:    decoder/block_010/layer_000/layer_norm/scale
INFO:tensorflow:    decoder/block_010/layer_001/layer_norm/scale
INFO:tensorflow:    decoder/block_010/layer_002/layer_norm/scale
INFO:tensorflow:    decoder/block_011/layer_000/layer_norm/scale
INFO:tensorflow:    decoder/block_011/layer_001/layer_norm/scale
INFO:tensorflow:    decoder/block_011/layer_002/layer_norm/scale
INFO:tensorflow:    decoder/final_layer_norm/scale
INFO:tensorflow:Trainable Variables            count: 195     Total size: 222903552        Total slice_size: 111475584      
INFO:tensorflow:All Variables                  count: 197     Total size: 222936448        Total slice_size: 111492416      
INFO:tensorflow:Counters:
allconcat: 5.24e+05
 allconcat/0: 5.24e+05
  allconcat/0/reshape_op: 5.24e+05
allreduce: 6.64e+09
 allreduce/[0]: 4.01e+08
  allreduce/[0]/einsum_op: 9.87e+07
  allreduce/[0]/reduce_op: 3.02e+08
 allreduce/[1]: 6.24e+09
  allreduce/[1]/einsum_op: 6.24e+09
  allreduce/[1]/reduce_op: 2.68e+05
einsum: 2.97e+13
einsum_unique: 2.96e+13
output: 2.78e+09
 output/AddOperation: 1.35e+05
 output/Constant: 8
 output/EinsumOperation: 3.95e+08
 output/ImportOperation: 3.15e+06
 output/MinMaxOperation: 16
 output/ReduceOperation: 1.35e+05
 output/ReshapeOperation: 1.31e+06
 output/ScalarAddOperation: 9.87e+07
 output/ScalarMultiplyOperation: 4.04e+05
 output/SlicewiseOperation: 4.94e+08
 output/StackedVariable: 3.84e+05
 output/UnstackOperation: 3.84e+05
 output/Variable: 8.92e+08
 output/WhileLoopOperation: 8.92e+08
output_unique: 6.94e+08
 output_unique/AddOperation: 3.29e+04
 output_unique/Constant: 1
 output_unique/EinsumOperation: 9.87e+07
 output_unique/ImportOperation: 3.93e+05
 output_unique/MinMaxOperation: 2
 output_unique/ReduceOperation: 3.29e+04
 output_unique/ReshapeOperation: 4.59e+05
 output_unique/ScalarAddOperation: 2.47e+07
 output_unique/ScalarMultiplyOperation: 9.87e+04
 output_unique/SlicewiseOperation: 1.23e+08
 output_unique/StackedVariable: 4.84e+04
 output_unique/UnstackOperation: 4.84e+04
 output_unique/Variable: 2.23e+08
 output_unique/WhileLoopOperation: 2.23e+08
variables: 2.23e+08
 variables/trainable: 2.23e+08
 variables/untrainable: 3.29e+04
INFO:tensorflow:Initializing variables from gs://t5-data/pretrained_models/base/model.ckpt-999900:
INFO:tensorflow:Variables in gs://t5-data/pretrained_models/base/model.ckpt-999900 but not in graph:
INFO:tensorflow:decoder/block_000/layer_000/SelfAttention/k_slot_vc
decoder/block_000/layer_000/SelfAttention/k_slot_vr
decoder/block_000/layer_000/SelfAttention/o_slot_vc
decoder/block_000/layer_000/SelfAttention/o_slot_vr
decoder/block_000/layer_000/SelfAttention/q_slot_vc
decoder/block_000/layer_000/SelfAttention/q_slot_vr
decoder/block_000/layer_000/SelfAttention/relative_attention_bias_slot_v
decoder/block_000/layer_000/SelfAttention/v_slot_vc
decoder/block_000/layer_000/SelfAttention/v_slot_vr
decoder/block_000/layer_000/layer_norm/scale_slot_v
decoder/block_000/layer_001/EncDecAttention/k_slot_vc
decoder/block_000/layer_001/EncDecAttention/k_slot_vr
decoder/block_000/layer_001/EncDecAttention/o_slot_vc
decoder/block_000/layer_001/EncDecAttention/o_slot_vr
decoder/block_000/layer_001/EncDecAttention/q_slot_vc
decoder/block_000/layer_001/EncDecAttention/q_slot_vr
decoder/block_000/layer_001/EncDecAttention/v_slot_vc
decoder/block_000/layer_001/EncDecAttention/v_slot_vr
decoder/block_000/layer_001/layer_norm/scale_slot_v
decoder/block_000/layer_002/DenseReluDense/wi/kernel_slot_vc
decoder/block_000/layer_002/DenseReluDense/wi/kernel_slot_vr
decoder/block_000/layer_002/DenseReluDense/wo/kernel_slot_vc
decoder/block_000/layer_002/DenseReluDense/wo/kernel_slot_vr
decoder/block_000/layer_002/layer_norm/scale_slot_v
decoder/block_001/layer_000/SelfAttention/k_slot_vc
decoder/block_001/layer_000/SelfAttention/k_slot_vr
decoder/block_001/layer_000/SelfAttention/o_slot_vc
decoder/block_001/layer_000/SelfAttention/o_slot_vr
decoder/block_001/layer_000/SelfAttention/q_slot_vc
decoder/block_001/layer_000/SelfAttention/q_slot_vr
decoder/block_001/layer_000/SelfAttention/v_slot_vc
decoder/block_001/layer_000/SelfAttention/v_slot_vr
decoder/block_001/layer_000/layer_norm/scale_slot_v
decoder/block_001/layer_001/EncDecAttention/k_slot_vc
decoder/block_001/layer_001/EncDecAttention/k_slot_vr
decoder/block_001/layer_001/EncDecAttention/o_slot_vc
decoder/block_001/layer_001/EncDecAttention/o_slot_vr
decoder/block_001/layer_001/EncDecAttention/q_slot_vc
decoder/block_001/layer_001/EncDecAttention/q_slot_vr
decoder/block_001/layer_001/EncDecAttention/v_slot_vc
decoder/block_001/layer_001/EncDecAttention/v_slot_vr
decoder/block_001/layer_001/layer_norm/scale_slot_v
decoder/block_001/layer_002/DenseReluDense/wi/kernel_slot_vc
decoder/block_001/layer_002/DenseReluDense/wi/kernel_slot_vr
decoder/block_001/layer_002/DenseReluDense/wo/kernel_slot_vc
decoder/block_001/layer_002/DenseReluDense/wo/kernel_slot_vr
decoder/block_001/layer_002/layer_norm/scale_slot_v
decoder/block_002/layer_000/SelfAttention/k_slot_vc
decoder/block_002/layer_000/SelfAttention/k_slot_vr
decoder/block_002/layer_000/SelfAttention/o_slot_vc
decoder/block_002/layer_000/SelfAttention/o_slot_vr
decoder/block_002/layer_000/SelfAttention/q_slot_vc
decoder/block_002/layer_000/SelfAttention/q_slot_vr
decoder/block_002/layer_000/SelfAttention/v_slot_vc
decoder/block_002/layer_000/SelfAttention/v_slot_vr
decoder/block_002/layer_000/layer_norm/scale_slot_v
decoder/block_002/layer_001/EncDecAttention/k_slot_vc
decoder/block_002/layer_001/EncDecAttention/k_slot_vr
decoder/block_002/layer_001/EncDecAttention/o_slot_vc
decoder/block_002/layer_001/EncDecAttention/o_slot_vr
decoder/block_002/layer_001/EncDecAttention/q_slot_vc
decoder/block_002/layer_001/EncDecAttention/q_slot_vr
decoder/block_002/layer_001/EncDecAttention/v_slot_vc
decoder/block_002/layer_001/EncDecAttention/v_slot_vr
decoder/block_002/layer_001/layer_norm/scale_slot_v
decoder/block_002/layer_002/DenseReluDense/wi/kernel_slot_vc
decoder/block_002/layer_002/DenseReluDense/wi/kernel_slot_vr
decoder/block_002/layer_002/DenseReluDense/wo/kernel_slot_vc
decoder/block_002/layer_002/DenseReluDense/wo/kernel_slot_vr
decoder/block_002/layer_002/layer_norm/scale_slot_v
decoder/block_003/layer_000/SelfAttention/k_slot_vc
decoder/block_003/layer_000/SelfAttention/k_slot_vr
decoder/block_003/layer_000/SelfAttention/o_slot_vc
decoder/block_003/layer_000/SelfAttention/o_slot_vr
decoder/block_003/layer_000/SelfAttention/q_slot_vc
decoder/block_003/layer_000/SelfAttention/q_slot_vr
decoder/block_003/layer_000/SelfAttention/v_slot_vc
decoder/block_003/layer_000/SelfAttention/v_slot_vr
decoder/block_003/layer_000/layer_norm/scale_slot_v
decoder/block_003/layer_001/EncDecAttention/k_slot_vc
decoder/block_003/layer_001/EncDecAttention/k_slot_vr
decoder/block_003/layer_001/EncDecAttention/o_slot_vc
decoder/block_003/layer_001/EncDecAttention/o_slot_vr
decoder/block_003/layer_001/EncDecAttention/q_slot_vc
decoder/block_003/layer_001/EncDecAttention/q_slot_vr
decoder/block_003/layer_001/EncDecAttention/v_slot_vc
decoder/block_003/layer_001/EncDecAttention/v_slot_vr
decoder/block_003/layer_001/layer_norm/scale_slot_v
decoder/block_003/layer_002/DenseReluDense/wi/kernel_slot_vc
decoder/block_003/layer_002/DenseReluDense/wi/kernel_slot_vr
decoder/block_003/layer_002/DenseReluDense/wo/kernel_slot_vc
decoder/block_003/layer_002/DenseReluDense/wo/kernel_slot_vr
decoder/block_003/layer_002/layer_norm/scale_slot_v
decoder/block_004/layer_000/SelfAttention/k_slot_vc
decoder/block_004/layer_000/SelfAttention/k_slot_vr
decoder/block_004/layer_000/SelfAttention/o_slot_vc
decoder/block_004/layer_000/SelfAttention/o_slot_vr
decoder/block_004/layer_000/SelfAttention/q_slot_vc
decoder/block_004/layer_000/SelfAttention/q_slot_vr
decoder/block_004/layer_000/SelfAttention/v_slot_vc
decoder/block_004/layer_000/SelfAttention/v_slot_vr
decoder/block_004/layer_000/layer_norm/scale_slot_v
decoder/block_004/layer_001/EncDecAttention/k_slot_vc
decoder/block_004/layer_001/EncDecAttention/k_slot_vr
decoder/block_004/layer_001/EncDecAttention/o_slot_vc
decoder/block_004/layer_001/EncDecAttention/o_slot_vr
decoder/block_004/layer_001/EncDecAttention/q_slot_vc
decoder/block_004/layer_001/EncDecAttention/q_slot_vr
decoder/block_004/layer_001/EncDecAttention/v_slot_vc
decoder/block_004/layer_001/EncDecAttention/v_slot_vr
decoder/block_004/layer_001/layer_norm/scale_slot_v
decoder/block_004/layer_002/DenseReluDense/wi/kernel_slot_vc
decoder/block_004/layer_002/DenseReluDense/wi/kernel_slot_vr
decoder/block_004/layer_002/DenseReluDense/wo/kernel_slot_vc
decoder/block_004/layer_002/DenseReluDense/wo/kernel_slot_vr
decoder/block_004/layer_002/layer_norm/scale_slot_v
decoder/block_005/layer_000/SelfAttention/k_slot_vc
decoder/block_005/layer_000/SelfAttention/k_slot_vr
decoder/block_005/layer_000/SelfAttention/o_slot_vc
decoder/block_005/layer_000/SelfAttention/o_slot_vr
decoder/block_005/layer_000/SelfAttention/q_slot_vc
decoder/block_005/layer_000/SelfAttention/q_slot_vr
decoder/block_005/layer_000/SelfAttention/v_slot_vc
decoder/block_005/layer_000/SelfAttention/v_slot_vr
decoder/block_005/layer_000/layer_norm/scale_slot_v
decoder/block_005/layer_001/EncDecAttention/k_slot_vc
decoder/block_005/layer_001/EncDecAttention/k_slot_vr
decoder/block_005/layer_001/EncDecAttention/o_slot_vc
decoder/block_005/layer_001/EncDecAttention/o_slot_vr
decoder/block_005/layer_001/EncDecAttention/q_slot_vc
decoder/block_005/layer_001/EncDecAttention/q_slot_vr
decoder/block_005/layer_001/EncDecAttention/v_slot_vc
decoder/block_005/layer_001/EncDecAttention/v_slot_vr
decoder/block_005/layer_001/layer_norm/scale_slot_v
decoder/block_005/layer_002/DenseReluDense/wi/kernel_slot_vc
decoder/block_005/layer_002/DenseReluDense/wi/kernel_slot_vr
decoder/block_005/layer_002/DenseReluDense/wo/kernel_slot_vc
decoder/block_005/layer_002/DenseReluDense/wo/kernel_slot_vr
decoder/block_005/layer_002/layer_norm/scale_slot_v
decoder/block_006/layer_000/SelfAttention/k_slot_vc
decoder/block_006/layer_000/SelfAttention/k_slot_vr
decoder/block_006/layer_000/SelfAttention/o_slot_vc
decoder/block_006/layer_000/SelfAttention/o_slot_vr
decoder/block_006/layer_000/SelfAttention/q_slot_vc
decoder/block_006/layer_000/SelfAttention/q_slot_vr
decoder/block_006/layer_000/SelfAttention/v_slot_vc
decoder/block_006/layer_000/SelfAttention/v_slot_vr
decoder/block_006/layer_000/layer_norm/scale_slot_v
decoder/block_006/layer_001/EncDecAttention/k_slot_vc
decoder/block_006/layer_001/EncDecAttention/k_slot_vr
decoder/block_006/layer_001/EncDecAttention/o_slot_vc
decoder/block_006/layer_001/EncDecAttention/o_slot_vr
decoder/block_006/layer_001/EncDecAttention/q_slot_vc
decoder/block_006/layer_001/EncDecAttention/q_slot_vr
decoder/block_006/layer_001/EncDecAttention/v_slot_vc
decoder/block_006/layer_001/EncDecAttention/v_slot_vr
decoder/block_006/layer_001/layer_norm/scale_slot_v
decoder/block_006/layer_002/DenseReluDense/wi/kernel_slot_vc
decoder/block_006/layer_002/DenseReluDense/wi/kernel_slot_vr
decoder/block_006/layer_002/DenseReluDense/wo/kernel_slot_vc
decoder/block_006/layer_002/DenseReluDense/wo/kernel_slot_vr
decoder/block_006/layer_002/layer_norm/scale_slot_v
decoder/block_007/layer_000/SelfAttention/k_slot_vc
decoder/block_007/layer_000/SelfAttention/k_slot_vr
decoder/block_007/layer_000/SelfAttention/o_slot_vc
decoder/block_007/layer_000/SelfAttention/o_slot_vr
decoder/block_007/layer_000/SelfAttention/q_slot_vc
decoder/block_007/layer_000/SelfAttention/q_slot_vr
decoder/block_007/layer_000/SelfAttention/v_slot_vc
decoder/block_007/layer_000/SelfAttention/v_slot_vr
decoder/block_007/layer_000/layer_norm/scale_slot_v
decoder/block_007/layer_001/EncDecAttention/k_slot_vc
decoder/block_007/layer_001/EncDecAttention/k_slot_vr
decoder/block_007/layer_001/EncDecAttention/o_slot_vc
decoder/block_007/layer_001/EncDecAttention/o_slot_vr
decoder/block_007/layer_001/EncDecAttention/q_slot_vc
decoder/block_007/layer_001/EncDecAttention/q_slot_vr
decoder/block_007/layer_001/EncDecAttention/v_slot_vc
decoder/block_007/layer_001/EncDecAttention/v_slot_vr
decoder/block_007/layer_001/layer_norm/scale_slot_v
decoder/block_007/layer_002/DenseReluDense/wi/kernel_slot_vc
decoder/block_007/layer_002/DenseReluDense/wi/kernel_slot_vr
decoder/block_007/layer_002/DenseReluDense/wo/kernel_slot_vc
decoder/block_007/layer_002/DenseReluDense/wo/kernel_slot_vr
decoder/block_007/layer_002/layer_norm/scale_slot_v
decoder/block_008/layer_000/SelfAttention/k_slot_vc
decoder/block_008/layer_000/SelfAttention/k_slot_vr
decoder/block_008/layer_000/SelfAttention/o_slot_vc
decoder/block_008/layer_000/SelfAttention/o_slot_vr
decoder/block_008/layer_000/SelfAttention/q_slot_vc
decoder/block_008/layer_000/SelfAttention/q_slot_vr
decoder/block_008/layer_000/SelfAttention/v_slot_vc
decoder/block_008/layer_000/SelfAttention/v_slot_vr
decoder/block_008/layer_000/layer_norm/scale_slot_v
decoder/block_008/layer_001/EncDecAttention/k_slot_vc
decoder/block_008/layer_001/EncDecAttention/k_slot_vr
decoder/block_008/layer_001/EncDecAttention/o_slot_vc
decoder/block_008/layer_001/EncDecAttention/o_slot_vr
decoder/block_008/layer_001/EncDecAttention/q_slot_vc
decoder/block_008/layer_001/EncDecAttention/q_slot_vr
decoder/block_008/layer_001/EncDecAttention/v_slot_vc
decoder/block_008/layer_001/EncDecAttention/v_slot_vr
decoder/block_008/layer_001/layer_norm/scale_slot_v
decoder/block_008/layer_002/DenseReluDense/wi/kernel_slot_vc
decoder/block_008/layer_002/DenseReluDense/wi/kernel_slot_vr
decoder/block_008/layer_002/DenseReluDense/wo/kernel_slot_vc
decoder/block_008/layer_002/DenseReluDense/wo/kernel_slot_vr
decoder/block_008/layer_002/layer_norm/scale_slot_v
decoder/block_009/layer_000/SelfAttention/k_slot_vc
decoder/block_009/layer_000/SelfAttention/k_slot_vr
decoder/block_009/layer_000/SelfAttention/o_slot_vc
decoder/block_009/layer_000/SelfAttention/o_slot_vr
decoder/block_009/layer_000/SelfAttention/q_slot_vc
decoder/block_009/layer_000/SelfAttention/q_slot_vr
decoder/block_009/layer_000/SelfAttention/v_slot_vc
decoder/block_009/layer_000/SelfAttention/v_slot_vr
decoder/block_009/layer_000/layer_norm/scale_slot_v
decoder/block_009/layer_001/EncDecAttention/k_slot_vc
decoder/block_009/layer_001/EncDecAttention/k_slot_vr
decoder/block_009/layer_001/EncDecAttention/o_slot_vc
decoder/block_009/layer_001/EncDecAttention/o_slot_vr
decoder/block_009/layer_001/EncDecAttention/q_slot_vc
decoder/block_009/layer_001/EncDecAttention/q_slot_vr
decoder/block_009/layer_001/EncDecAttention/v_slot_vc
decoder/block_009/layer_001/EncDecAttention/v_slot_vr
decoder/block_009/layer_001/layer_norm/scale_slot_v
decoder/block_009/layer_002/DenseReluDense/wi/kernel_slot_vc
decoder/block_009/layer_002/DenseReluDense/wi/kernel_slot_vr
decoder/block_009/layer_002/DenseReluDense/wo/kernel_slot_vc
decoder/block_009/layer_002/DenseReluDense/wo/kernel_slot_vr
decoder/block_009/layer_002/layer_norm/scale_slot_v
decoder/block_010/layer_000/SelfAttention/k_slot_vc
decoder/block_010/layer_000/SelfAttention/k_slot_vr
decoder/block_010/layer_000/SelfAttention/o_slot_vc
decoder/block_010/layer_000/SelfAttention/o_slot_vr
decoder/block_010/layer_000/SelfAttention/q_slot_vc
decoder/block_010/layer_000/SelfAttention/q_slot_vr
decoder/block_010/layer_000/SelfAttention/v_slot_vc
decoder/block_010/layer_000/SelfAttention/v_slot_vr
decoder/block_010/layer_000/layer_norm/scale_slot_v
decoder/block_010/layer_001/EncDecAttention/k_slot_vc
decoder/block_010/layer_001/EncDecAttention/k_slot_vr
decoder/block_010/layer_001/EncDecAttention/o_slot_vc
decoder/block_010/layer_001/EncDecAttention/o_slot_vr
decoder/block_010/layer_001/EncDecAttention/q_slot_vc
decoder/block_010/layer_001/EncDecAttention/q_slot_vr
decoder/block_010/layer_001/EncDecAttention/v_slot_vc
decoder/block_010/layer_001/EncDecAttention/v_slot_vr
decoder/block_010/layer_001/layer_norm/scale_slot_v
decoder/block_010/layer_002/DenseReluDense/wi/kernel_slot_vc
decoder/block_010/layer_002/DenseReluDense/wi/kernel_slot_vr
decoder/block_010/layer_002/DenseReluDense/wo/kernel_slot_vc
decoder/block_010/layer_002/DenseReluDense/wo/kernel_slot_vr
decoder/block_010/layer_002/layer_norm/scale_slot_v
decoder/block_011/layer_000/SelfAttention/k_slot_vc
decoder/block_011/layer_000/SelfAttention/k_slot_vr
decoder/block_011/layer_000/SelfAttention/o_slot_vc
decoder/block_011/layer_000/SelfAttention/o_slot_vr
decoder/block_011/layer_000/SelfAttention/q_slot_vc
decoder/block_011/layer_000/SelfAttention/q_slot_vr
decoder/block_011/layer_000/SelfAttention/v_slot_vc
decoder/block_011/layer_000/SelfAttention/v_slot_vr
decoder/block_011/layer_000/layer_norm/scale_slot_v
decoder/block_011/layer_001/EncDecAttention/k_slot_vc
decoder/block_011/layer_001/EncDecAttention/k_slot_vr
decoder/block_011/layer_001/EncDecAttention/o_slot_vc
decoder/block_011/layer_001/EncDecAttention/o_slot_vr
decoder/block_011/layer_001/EncDecAttention/q_slot_vc
decoder/block_011/layer_001/EncDecAttention/q_slot_vr
decoder/block_011/layer_001/EncDecAttention/v_slot_vc
decoder/block_011/layer_001/EncDecAttention/v_slot_vr
decoder/block_011/layer_001/layer_norm/scale_slot_v
decoder/block_011/layer_002/DenseReluDense/wi/kernel_slot_vc
decoder/block_011/layer_002/DenseReluDense/wi/kernel_slot_vr
decoder/block_011/layer_002/DenseReluDense/wo/kernel_slot_vc
decoder/block_011/layer_002/DenseReluDense/wo/kernel_slot_vr
decoder/block_011/layer_002/layer_norm/scale_slot_v
decoder/final_layer_norm/scale_slot_v
encoder/block_000/layer_000/SelfAttention/k_slot_vc
encoder/block_000/layer_000/SelfAttention/k_slot_vr
encoder/block_000/layer_000/SelfAttention/o_slot_vc
encoder/block_000/layer_000/SelfAttention/o_slot_vr
encoder/block_000/layer_000/SelfAttention/q_slot_vc
encoder/block_000/layer_000/SelfAttention/q_slot_vr
encoder/block_000/layer_000/SelfAttention/relative_attention_bias_slot_v
encoder/block_000/layer_000/SelfAttention/v_slot_vc
encoder/block_000/layer_000/SelfAttention/v_slot_vr
encoder/block_000/layer_000/layer_norm/scale_slot_v
encoder/block_000/layer_001/DenseReluDense/wi/kernel_slot_vc
encoder/block_000/layer_001/DenseReluDense/wi/kernel_slot_vr
encoder/block_000/layer_001/DenseReluDense/wo/kernel_slot_vc
encoder/block_000/layer_001/DenseReluDense/wo/kernel_slot_vr
encoder/block_000/layer_001/layer_norm/scale_slot_v
encoder/block_001/layer_000/SelfAttention/k_slot_vc
encoder/block_001/layer_000/SelfAttention/k_slot_vr
encoder/block_001/layer_000/SelfAttention/o_slot_vc
encoder/block_001/layer_000/SelfAttention/o_slot_vr
encoder/block_001/layer_000/SelfAttention/q_slot_vc
encoder/block_001/layer_000/SelfAttention/q_slot_vr
encoder/block_001/layer_000/SelfAttention/v_slot_vc
encoder/block_001/layer_000/SelfAttention/v_slot_vr
encoder/block_001/layer_000/layer_norm/scale_slot_v
encoder/block_001/layer_001/DenseReluDense/wi/kernel_slot_vc
encoder/block_001/layer_001/DenseReluDense/wi/kernel_slot_vr
encoder/block_001/layer_001/DenseReluDense/wo/kernel_slot_vc
encoder/block_001/layer_001/DenseReluDense/wo/kernel_slot_vr
encoder/block_001/layer_001/layer_norm/scale_slot_v
encoder/block_002/layer_000/SelfAttention/k_slot_vc
encoder/block_002/layer_000/SelfAttention/k_slot_vr
encoder/block_002/layer_000/SelfAttention/o_slot_vc
encoder/block_002/layer_000/SelfAttention/o_slot_vr
encoder/block_002/layer_000/SelfAttention/q_slot_vc
encoder/block_002/layer_000/SelfAttention/q_slot_vr
encoder/block_002/layer_000/SelfAttention/v_slot_vc
encoder/block_002/layer_000/SelfAttention/v_slot_vr
encoder/block_002/layer_000/layer_norm/scale_slot_v
encoder/block_002/layer_001/DenseReluDense/wi/kernel_slot_vc
encoder/block_002/layer_001/DenseReluDense/wi/kernel_slot_vr
encoder/block_002/layer_001/DenseReluDense/wo/kernel_slot_vc
encoder/block_002/layer_001/DenseReluDense/wo/kernel_slot_vr
encoder/block_002/layer_001/layer_norm/scale_slot_v
encoder/block_003/layer_000/SelfAttention/k_slot_vc
encoder/block_003/layer_000/SelfAttention/k_slot_vr
encoder/block_003/layer_000/SelfAttention/o_slot_vc
encoder/block_003/layer_000/SelfAttention/o_slot_vr
encoder/block_003/layer_000/SelfAttention/q_slot_vc
encoder/block_003/layer_000/SelfAttention/q_slot_vr
encoder/block_003/layer_000/SelfAttention/v_slot_vc
encoder/block_003/layer_000/SelfAttention/v_slot_vr
encoder/block_003/layer_000/layer_norm/scale_slot_v
encoder/block_003/layer_001/DenseReluDense/wi/kernel_slot_vc
encoder/block_003/layer_001/DenseReluDense/wi/kernel_slot_vr
encoder/block_003/layer_001/DenseReluDense/wo/kernel_slot_vc
encoder/block_003/layer_001/DenseReluDense/wo/kernel_slot_vr
encoder/block_003/layer_001/layer_norm/scale_slot_v
encoder/block_004/layer_000/SelfAttention/k_slot_vc
encoder/block_004/layer_000/SelfAttention/k_slot_vr
encoder/block_004/layer_000/SelfAttention/o_slot_vc
encoder/block_004/layer_000/SelfAttention/o_slot_vr
encoder/block_004/layer_000/SelfAttention/q_slot_vc
encoder/block_004/layer_000/SelfAttention/q_slot_vr
encoder/block_004/layer_000/SelfAttention/v_slot_vc
encoder/block_004/layer_000/SelfAttention/v_slot_vr
encoder/block_004/layer_000/layer_norm/scale_slot_v
encoder/block_004/layer_001/DenseReluDense/wi/kernel_slot_vc
encoder/block_004/layer_001/DenseReluDense/wi/kernel_slot_vr
encoder/block_004/layer_001/DenseReluDense/wo/kernel_slot_vc
encoder/block_004/layer_001/DenseReluDense/wo/kernel_slot_vr
encoder/block_004/layer_001/layer_norm/scale_slot_v
encoder/block_005/layer_000/SelfAttention/k_slot_vc
encoder/block_005/layer_000/SelfAttention/k_slot_vr
encoder/block_005/layer_000/SelfAttention/o_slot_vc
encoder/block_005/layer_000/SelfAttention/o_slot_vr
encoder/block_005/layer_000/SelfAttention/q_slot_vc
encoder/block_005/layer_000/SelfAttention/q_slot_vr
encoder/block_005/layer_000/SelfAttention/v_slot_vc
encoder/block_005/layer_000/SelfAttention/v_slot_vr
encoder/block_005/layer_000/layer_norm/scale_slot_v
encoder/block_005/layer_001/DenseReluDense/wi/kernel_slot_vc
encoder/block_005/layer_001/DenseReluDense/wi/kernel_slot_vr
encoder/block_005/layer_001/DenseReluDense/wo/kernel_slot_vc
encoder/block_005/layer_001/DenseReluDense/wo/kernel_slot_vr
encoder/block_005/layer_001/layer_norm/scale_slot_v
encoder/block_006/layer_000/SelfAttention/k_slot_vc
encoder/block_006/layer_000/SelfAttention/k_slot_vr
encoder/block_006/layer_000/SelfAttention/o_slot_vc
encoder/block_006/layer_000/SelfAttention/o_slot_vr
encoder/block_006/layer_000/SelfAttention/q_slot_vc
encoder/block_006/layer_000/SelfAttention/q_slot_vr
encoder/block_006/layer_000/SelfAttention/v_slot_vc
encoder/block_006/layer_000/SelfAttention/v_slot_vr
encoder/block_006/layer_000/layer_norm/scale_slot_v
encoder/block_006/layer_001/DenseReluDense/wi/kernel_slot_vc
encoder/block_006/layer_001/DenseReluDense/wi/kernel_slot_vr
encoder/block_006/layer_001/DenseReluDense/wo/kernel_slot_vc
encoder/block_006/layer_001/DenseReluDense/wo/kernel_slot_vr
encoder/block_006/layer_001/layer_norm/scale_slot_v
encoder/block_007/layer_000/SelfAttention/k_slot_vc
encoder/block_007/layer_000/SelfAttention/k_slot_vr
encoder/block_007/layer_000/SelfAttention/o_slot_vc
encoder/block_007/layer_000/SelfAttention/o_slot_vr
encoder/block_007/layer_000/SelfAttention/q_slot_vc
encoder/block_007/layer_000/SelfAttention/q_slot_vr
encoder/block_007/layer_000/SelfAttention/v_slot_vc
encoder/block_007/layer_000/SelfAttention/v_slot_vr
encoder/block_007/layer_000/layer_norm/scale_slot_v
encoder/block_007/layer_001/DenseReluDense/wi/kernel_slot_vc
encoder/block_007/layer_001/DenseReluDense/wi/kernel_slot_vr
encoder/block_007/layer_001/DenseReluDense/wo/kernel_slot_vc
encoder/block_007/layer_001/DenseReluDense/wo/kernel_slot_vr
encoder/block_007/layer_001/layer_norm/scale_slot_v
encoder/block_008/layer_000/SelfAttention/k_slot_vc
encoder/block_008/layer_000/SelfAttention/k_slot_vr
encoder/block_008/layer_000/SelfAttention/o_slot_vc
encoder/block_008/layer_000/SelfAttention/o_slot_vr
encoder/block_008/layer_000/SelfAttention/q_slot_vc
encoder/block_008/layer_000/SelfAttention/q_slot_vr
encoder/block_008/layer_000/SelfAttention/v_slot_vc
encoder/block_008/layer_000/SelfAttention/v_slot_vr
encoder/block_008/layer_000/layer_norm/scale_slot_v
encoder/block_008/layer_001/DenseReluDense/wi/kernel_slot_vc
encoder/block_008/layer_001/DenseReluDense/wi/kernel_slot_vr
encoder/block_008/layer_001/DenseReluDense/wo/kernel_slot_vc
encoder/block_008/layer_001/DenseReluDense/wo/kernel_slot_vr
encoder/block_008/layer_001/layer_norm/scale_slot_v
encoder/block_009/layer_000/SelfAttention/k_slot_vc
encoder/block_009/layer_000/SelfAttention/k_slot_vr
encoder/block_009/layer_000/SelfAttention/o_slot_vc
encoder/block_009/layer_000/SelfAttention/o_slot_vr
encoder/block_009/layer_000/SelfAttention/q_slot_vc
encoder/block_009/layer_000/SelfAttention/q_slot_vr
encoder/block_009/layer_000/SelfAttention/v_slot_vc
encoder/block_009/layer_000/SelfAttention/v_slot_vr
encoder/block_009/layer_000/layer_norm/scale_slot_v
encoder/block_009/layer_001/DenseReluDense/wi/kernel_slot_vc
encoder/block_009/layer_001/DenseReluDense/wi/kernel_slot_vr
encoder/block_009/layer_001/DenseReluDense/wo/kernel_slot_vc
encoder/block_009/layer_001/DenseReluDense/wo/kernel_slot_vr
encoder/block_009/layer_001/layer_norm/scale_slot_v
encoder/block_010/layer_000/SelfAttention/k_slot_vc
encoder/block_010/layer_000/SelfAttention/k_slot_vr
encoder/block_010/layer_000/SelfAttention/o_slot_vc
encoder/block_010/layer_000/SelfAttention/o_slot_vr
encoder/block_010/layer_000/SelfAttention/q_slot_vc
encoder/block_010/layer_000/SelfAttention/q_slot_vr
encoder/block_010/layer_000/SelfAttention/v_slot_vc
encoder/block_010/layer_000/SelfAttention/v_slot_vr
encoder/block_010/layer_000/layer_norm/scale_slot_v
encoder/block_010/layer_001/DenseReluDense/wi/kernel_slot_vc
encoder/block_010/layer_001/DenseReluDense/wi/kernel_slot_vr
encoder/block_010/layer_001/DenseReluDense/wo/kernel_slot_vc
encoder/block_010/layer_001/DenseReluDense/wo/kernel_slot_vr
encoder/block_010/layer_001/layer_norm/scale_slot_v
encoder/block_011/layer_000/SelfAttention/k_slot_vc
encoder/block_011/layer_000/SelfAttention/k_slot_vr
encoder/block_011/layer_000/SelfAttention/o_slot_vc
encoder/block_011/layer_000/SelfAttention/o_slot_vr
encoder/block_011/layer_000/SelfAttention/q_slot_vc
encoder/block_011/layer_000/SelfAttention/q_slot_vr
encoder/block_011/layer_000/SelfAttention/v_slot_vc
encoder/block_011/layer_000/SelfAttention/v_slot_vr
encoder/block_011/layer_000/layer_norm/scale_slot_v
encoder/block_011/layer_001/DenseReluDense/wi/kernel_slot_vc
encoder/block_011/layer_001/DenseReluDense/wi/kernel_slot_vr
encoder/block_011/layer_001/DenseReluDense/wo/kernel_slot_vc
encoder/block_011/layer_001/DenseReluDense/wo/kernel_slot_vr
encoder/block_011/layer_001/layer_norm/scale_slot_v
encoder/final_layer_norm/scale_slot_v
INFO:tensorflow:Variables in graph but not in gs://t5-data/pretrained_models/base/model.ckpt-999900:
INFO:tensorflow:
INFO:tensorflow:Create CheckpointSaverHook.
INFO:tensorflow:Done calling model_fn.
INFO:tensorflow:TPU job name worker
INFO:tensorflow:Starting the session.
INFO:tensorflow:Graph was finalized.
INFO:tensorflow:Running local_init_op.
INFO:tensorflow:Done running local_init_op.
WARNING:tensorflow:From /home/marcospiau123/.local/lib/python3.7/site-packages/tensorflow_estimator/python/estimator/tpu/tpu_estimator.py:767: Variable.load (from tensorflow.python.ops.variables) is deprecated and will be removed in a future version.
Instructions for updating:
Prefer Variable.assign which has equivalent behavior in 2.X.
INFO:tensorflow:Initialized dataset iterators in 1 seconds
INFO:tensorflow:Installing graceful shutdown hook.
2020-07-11 02:32:14.660767: W tensorflow/core/distributed_runtime/rpc/grpc_session.cc:373] GrpcSession::ListDevices will initialize the session with an empty graph and other defaults because the session has not yet been created.
INFO:tensorflow:Creating heartbeat manager for ['/job:worker/replica:0/task:0/device:CPU:0']
INFO:tensorflow:Configuring worker heartbeat: shutdown_mode: WAIT_FOR_COORDINATOR

INFO:tensorflow:Starting infeed thread controller.
INFO:tensorflow:Starting outfeed thread controller.
INFO:tensorflow:Before copy master to slices.
INFO:tensorflow:Done with copy master to slices.
I